2024-12-03 17:42:36,500 [INFO] Activator:176 - 


2024-12-03 17:42:36,501 [INFO] Activator:177 - !SESSION log4j initialized
2024-12-03 17:42:39,408 [INFO] LogOutputStream:77 - [STDOUT_REDIRECT] 
2024-12-03 17:42:41,291 [INFO] ApplicationProperties:184 - Using Application install path: C:\ST\STM32CubeIDE_1.17.0\STM32CubeIDE\plugins\com.st.stm32cube.common.mx_6.13.0.202411220809
2024-12-03 17:42:41,306 [INFO] DbMcusXml:78 - Set database path to: C:\ST\STM32CubeIDE_1.17.0\STM32CubeIDE\plugins\com.st.stm32cube.common.mx_6.13.0.202411220809\\db\/mcu/
2024-12-03 17:42:41,306 [INFO] ApiDb:274 - Set plugin database path to: C:\ST\STM32CubeIDE_1.17.0\STM32CubeIDE\plugins\com.st.stm32cube.common.mx_6.13.0.202411220809\\db\/plugins/boardmanager/
2024-12-03 17:42:41,307 [WARN] ApiDb:259 - Overriding images path with different value:  => C:\ST\STM32CubeIDE_1.17.0\STM32CubeIDE\plugins\com.st.stm32cube.common.mx_6.13.0.202411220809\\db\/plugins/mcufinder/images/
2024-12-03 17:42:42,590 [WARN] ApiFinderProperties:113 - C:\Users\Viktor Cejnek\.stmcufinder\plugins\mcufinder\mcu\mcuFinder.mfd doesn't exist
2024-12-03 17:42:42,590 [INFO] ApiDb:250 - Set database path to: C:\Users\Viktor Cejnek\.stmcufinder\plugins\mcufinder//mcu/
2024-12-03 17:42:42,592 [INFO] DbMcusAds:125 - Set database path to: C:\Users\Viktor Cejnek\.stmcufinder\plugins\mcufinder//mcu/
2024-12-03 17:42:42,594 [INFO] CrossReferenceDbSqlite:203 - Set database path to: C:\Users\Viktor Cejnek\.stmcufinder\plugins\mcufinder//mcu/cs/
2024-12-03 17:42:42,684 [INFO] RulesReader:64 - Compatibility file has been processed (297 Rules)
2024-12-03 17:42:42,761 [INFO] DbMcusXml:78 - Set database path to: C:\ST\STM32CubeIDE_1.17.0\STM32CubeIDE\plugins\com.st.stm32cube.common.mx_6.13.0.202411220809\\db\/mcu/
2024-12-03 17:42:42,761 [INFO] ApiDb:274 - Set plugin database path to: C:\ST\STM32CubeIDE_1.17.0\STM32CubeIDE\plugins\com.st.stm32cube.common.mx_6.13.0.202411220809\\db\/plugins/boardmanager/
2024-12-03 17:42:42,761 [INFO] ApiDb:261 - Set plugin images path to: C:\ST\STM32CubeIDE_1.17.0\STM32CubeIDE\plugins\com.st.stm32cube.common.mx_6.13.0.202411220809\\db\/plugins/mcufinder/images/
2024-12-03 17:42:42,762 [WARN] DbFile:41 - Overriding database path with different value: C:\Users\Viktor Cejnek\.stmcufinder\plugins\mcufinder/ => C:\Users\Viktor Cejnek\.stmcufinder\plugins\mcufinder
2024-12-03 17:42:42,762 [INFO] ApiDb:250 - Set database path to: C:\Users\Viktor Cejnek\.stmcufinder\plugins\mcufinder//mcu/
2024-12-03 17:42:42,762 [WARN] DbFile:41 - Overriding database path with different value: C:\Users\Viktor Cejnek\.stmcufinder\plugins\mcufinder/ => C:\Users\Viktor Cejnek\.stmcufinder\plugins\mcufinder
2024-12-03 17:42:42,762 [INFO] DbMcusAds:125 - Set database path to: C:\Users\Viktor Cejnek\.stmcufinder\plugins\mcufinder//mcu/
2024-12-03 17:42:42,762 [WARN] DbFile:41 - Overriding database path with different value: C:\Users\Viktor Cejnek\.stmcufinder\plugins\mcufinder/ => C:\Users\Viktor Cejnek\.stmcufinder\plugins\mcufinder
2024-12-03 17:42:42,762 [WARN] DbFile:41 - Overriding database path with different value: C:\Users\Viktor Cejnek\.stmcufinder\plugins\mcufinder/ => C:\Users\Viktor Cejnek\.stmcufinder\plugins\mcufinder
2024-12-03 17:42:42,762 [INFO] CrossReferenceDbSqlite:203 - Set database path to: C:\Users\Viktor Cejnek\.stmcufinder\plugins\mcufinder//mcu/cs/
2024-12-03 17:42:42,829 [INFO] MainPanel:272 - HeapMemory: 268435456
2024-12-03 17:42:42,928 [INFO] DbMcusXml:78 - Set database path to: C:\ST\STM32CubeIDE_1.17.0\STM32CubeIDE\plugins\com.st.stm32cube.common.mx_6.13.0.202411220809\\db\/mcu/
2024-12-03 17:42:42,928 [INFO] ApiDb:274 - Set plugin database path to: C:\ST\STM32CubeIDE_1.17.0\STM32CubeIDE\plugins\com.st.stm32cube.common.mx_6.13.0.202411220809\\db\/plugins/boardmanager/
2024-12-03 17:42:42,928 [INFO] ApiDb:261 - Set plugin images path to: C:\ST\STM32CubeIDE_1.17.0\STM32CubeIDE\plugins\com.st.stm32cube.common.mx_6.13.0.202411220809\\db\/plugins/mcufinder/images/
2024-12-03 17:42:42,929 [WARN] DbFile:41 - Overriding database path with different value: C:\Users\Viktor Cejnek\.stmcufinder\plugins\mcufinder/ => C:\Users\Viktor Cejnek\.stmcufinder\plugins\mcufinder
2024-12-03 17:42:42,929 [INFO] ApiDb:250 - Set database path to: C:\Users\Viktor Cejnek\.stmcufinder\plugins\mcufinder//mcu/
2024-12-03 17:42:42,929 [WARN] DbFile:41 - Overriding database path with different value: C:\Users\Viktor Cejnek\.stmcufinder\plugins\mcufinder/ => C:\Users\Viktor Cejnek\.stmcufinder\plugins\mcufinder
2024-12-03 17:42:42,929 [INFO] DbMcusAds:125 - Set database path to: C:\Users\Viktor Cejnek\.stmcufinder\plugins\mcufinder//mcu/
2024-12-03 17:42:42,929 [WARN] DbFile:41 - Overriding database path with different value: C:\Users\Viktor Cejnek\.stmcufinder\plugins\mcufinder/ => C:\Users\Viktor Cejnek\.stmcufinder\plugins\mcufinder
2024-12-03 17:42:42,929 [WARN] DbFile:41 - Overriding database path with different value: C:\Users\Viktor Cejnek\.stmcufinder\plugins\mcufinder/ => C:\Users\Viktor Cejnek\.stmcufinder\plugins\mcufinder
2024-12-03 17:42:42,929 [INFO] CrossReferenceDbSqlite:203 - Set database path to: C:\Users\Viktor Cejnek\.stmcufinder\plugins\mcufinder//mcu/cs/
2024-12-03 17:42:42,945 [INFO] ApplicationProperties:184 - Using Application install path: C:\ST\STM32CubeIDE_1.17.0\STM32CubeIDE\plugins\com.st.stm32cube.common.mx_6.13.0.202411220809
2024-12-03 17:42:42,946 [INFO] PluginManage:196 - Search for loadable plugins [exclusion list=, ]
2024-12-03 17:42:42,947 [INFO] PluginManage:310 - Check plugin analytics
2024-12-03 17:42:43,090 [INFO] AnalyticsPlugin:253 - Accepted Software Licenses: 
2024-12-03 17:42:43,091 [INFO] AnalyticsPlugin:255 - Accepted CMSIS Pack Licenses: 
2024-12-03 17:42:43,091 [INFO] AnalyticsPlugin:257 - Accepted Firmware Licenses: 
2024-12-03 17:42:43,094 [INFO] PluginManage:359 - Loaded plugin analytics (category:tool,tabindex:-1)
2024-12-03 17:42:43,095 [INFO] PluginManage:310 - Check plugin cadmodel
2024-12-03 17:42:43,101 [INFO] CADModel:105 - Init CAD model plugin
2024-12-03 17:42:43,103 [INFO] PluginManage:359 - Loaded plugin cadmodel (category:power,tabindex:5)
2024-12-03 17:42:43,103 [INFO] PluginManage:310 - Check plugin clock
2024-12-03 17:42:43,114 [INFO] PluginManage:359 - Loaded plugin clock (category:base,tabindex:2)
2024-12-03 17:42:43,114 [INFO] PluginManage:310 - Check plugin ddr
2024-12-03 17:42:43,116 [INFO] PluginManage:359 - Loaded plugin ddr (category:tool,tabindex:6)
2024-12-03 17:42:43,116 [INFO] PluginManage:310 - Check plugin filemanager
2024-12-03 17:42:43,278 [INFO] PluginManage:359 - Loaded plugin filemanager (category:base,tabindex:10)
2024-12-03 17:42:43,279 [INFO] PluginManage:310 - Check plugin ipmanager
2024-12-03 17:42:43,285 [INFO] PluginManage:359 - Loaded plugin ipmanager (category:base,tabindex:5)
2024-12-03 17:42:43,286 [INFO] PluginManage:310 - Check plugin lpbam
2024-12-03 17:42:43,293 [INFO] PluginManage:359 - Loaded plugin lpbam (category:base,tabindex:0)
2024-12-03 17:42:43,293 [INFO] PluginManage:310 - Check plugin memorymap
2024-12-03 17:42:43,307 [INFO] PluginManage:359 - Loaded plugin memorymap (category:base,tabindex:4)
2024-12-03 17:42:43,307 [INFO] PluginManage:310 - Check plugin pinoutandconfiguration
2024-12-03 17:42:43,316 [INFO] PluginManage:359 - Loaded plugin pinoutandconfiguration (category:base,tabindex:1)
2024-12-03 17:42:43,316 [INFO] PluginManage:310 - Check plugin pinoutconfig
2024-12-03 17:42:43,381 [WARN] SupportedApi:132 - Cannot load RTOS API schema: s4s-elt-must-match.1: The content of 'definitions' must match (annotation?, (simpleType | complexType)?, (unique | key | keyref)*)). A problem was found starting at: attribute.
2024-12-03 17:42:43,512 [INFO] PluginManage:359 - Loaded plugin pinoutconfig (category:base,tabindex:0)
2024-12-03 17:42:43,512 [INFO] PluginManage:310 - Check plugin power
2024-12-03 17:42:43,524 [INFO] PluginManage:359 - Loaded plugin power (category:power,tabindex:4)
2024-12-03 17:42:43,524 [INFO] PluginManage:310 - Check plugin projectmanager
2024-12-03 17:42:43,538 [INFO] PluginManage:359 - Loaded plugin projectmanager (category:projectmanager,tabindex:4)
2024-12-03 17:42:43,538 [INFO] PluginManage:310 - Check plugin rif
2024-12-03 17:42:43,549 [INFO] PluginManage:359 - Loaded plugin rif (category:base,tabindex:3)
2024-12-03 17:42:43,550 [INFO] PluginManage:310 - Check plugin thirdparty
2024-12-03 17:42:43,679 [INFO] PluginManage:359 - Loaded plugin thirdparty (category:base,tabindex:-1)
2024-12-03 17:42:43,679 [WARN] IntegrityCheckThread:84 - waiting for thirdparty lock release [integrity check]
2024-12-03 17:42:43,680 [INFO] PluginManage:310 - Check plugin tools
2024-12-03 17:42:43,680 [INFO] IntegrityCheckThread:86 - entering critical section [integrity check]
2024-12-03 17:42:43,680 [INFO] ThirdPartyUpdaterWithRetryManager:70 - Updater plugin not ready yet. [1/15]
2024-12-03 17:42:43,683 [INFO] PluginManage:359 - Loaded plugin tools (category:base,tabindex:7)
2024-12-03 17:42:43,683 [INFO] PluginManage:310 - Check plugin tutovideos
2024-12-03 17:42:43,879 [INFO] PluginManage:359 - Loaded plugin tutovideos (category:base,tabindex:-1)
2024-12-03 17:42:43,879 [INFO] PluginManage:310 - Check plugin updater
2024-12-03 17:42:43,898 [INFO] PluginManage:359 - Loaded plugin updater (category:base,tabindex:12)
2024-12-03 17:42:43,898 [INFO] PluginManage:310 - Check plugin userauth
2024-12-03 17:42:43,902 [INFO] UserAuth:118 - Init User Auth plugin
2024-12-03 17:42:43,902 [INFO] PluginManage:359 - Loaded plugin userauth (category:base,tabindex:14)
2024-12-03 17:42:43,902 [INFO] PluginManage:283 - PluginManage : Loaded plugins [18]
2024-12-03 17:42:44,124 [INFO] PinOutPanel:1589 - setPackage(No Configuration,No Configuration)
2024-12-03 17:42:44,244 [INFO] CADModel:165 - CPN selected for project level
2024-12-03 17:42:44,244 [INFO] CADModel:114 - Register for checkConnection events
2024-12-03 17:42:44,266 [INFO] IPUIPlugin:80 - create IPUIPlugin
2024-12-03 17:42:44,266 [INFO] PluginManager:220 - loadIPPluginJar : add adc
2024-12-03 17:42:44,271 [INFO] IPUIPlugin:80 - create IPUIPlugin
2024-12-03 17:42:44,271 [INFO] PluginManager:220 - loadIPPluginJar : add aes
2024-12-03 17:42:44,275 [INFO] IPUIPlugin:80 - create IPUIPlugin
2024-12-03 17:42:44,275 [INFO] PluginManager:220 - loadIPPluginJar : add can
2024-12-03 17:42:44,278 [INFO] IPUIPlugin:80 - create IPUIPlugin
2024-12-03 17:42:44,278 [INFO] PluginManager:220 - loadIPPluginJar : add comp
2024-12-03 17:42:44,281 [INFO] IPUIPlugin:80 - create IPUIPlugin
2024-12-03 17:42:44,281 [INFO] PluginManager:220 - loadIPPluginJar : add cryp
2024-12-03 17:42:44,287 [INFO] IPUIPlugin:80 - create IPUIPlugin
2024-12-03 17:42:44,287 [INFO] PluginManager:220 - loadIPPluginJar : add ddr_ctrl_phy
2024-12-03 17:42:44,291 [INFO] IPUIPlugin:80 - create IPUIPlugin
2024-12-03 17:42:44,291 [INFO] PluginManager:220 - loadIPPluginJar : add dfsdm
2024-12-03 17:42:44,302 [INFO] IPUIPlugin:80 - create IPUIPlugin
2024-12-03 17:42:44,302 [INFO] PluginManager:220 - loadIPPluginJar : add dma
2024-12-03 17:42:44,308 [INFO] IPUIPlugin:80 - create IPUIPlugin
2024-12-03 17:42:44,309 [INFO] PluginManager:220 - loadIPPluginJar : add dma3
2024-12-03 17:42:44,314 [INFO] IPUIPlugin:80 - create IPUIPlugin
2024-12-03 17:42:44,314 [INFO] PluginManager:220 - loadIPPluginJar : add extmemmanager
2024-12-03 17:42:44,317 [INFO] IPUIPlugin:80 - create IPUIPlugin
2024-12-03 17:42:44,317 [INFO] PluginManager:220 - loadIPPluginJar : add fatfs
2024-12-03 17:42:44,323 [INFO] IPUIPlugin:80 - create IPUIPlugin
2024-12-03 17:42:44,323 [INFO] PluginManager:220 - loadIPPluginJar : add fmc
2024-12-03 17:42:44,332 [INFO] IPUIPlugin:80 - create IPUIPlugin
2024-12-03 17:42:44,332 [INFO] PluginManager:220 - loadIPPluginJar : add freertos
2024-12-03 17:42:44,335 [INFO] IPUIPlugin:80 - create IPUIPlugin
2024-12-03 17:42:44,335 [INFO] PluginManager:220 - loadIPPluginJar : add genericplugin
2024-12-03 17:42:44,338 [INFO] IPUIPlugin:80 - create IPUIPlugin
2024-12-03 17:42:44,339 [INFO] PluginManager:220 - loadIPPluginJar : add gfxmmu
2024-12-03 17:42:44,345 [INFO] IPUIPlugin:80 - create IPUIPlugin
2024-12-03 17:42:44,345 [INFO] PluginManager:220 - loadIPPluginJar : add gic
2024-12-03 17:42:44,349 [INFO] IPUIPlugin:80 - create IPUIPlugin
2024-12-03 17:42:44,349 [INFO] PluginManager:220 - loadIPPluginJar : add gpio
2024-12-03 17:42:44,355 [INFO] IPUIPlugin:80 - create IPUIPlugin
2024-12-03 17:42:44,355 [INFO] PluginManager:220 - loadIPPluginJar : add gtzc
2024-12-03 17:42:44,358 [INFO] IPUIPlugin:80 - create IPUIPlugin
2024-12-03 17:42:44,358 [INFO] PluginManager:220 - loadIPPluginJar : add hash
2024-12-03 17:42:44,362 [INFO] IPUIPlugin:80 - create IPUIPlugin
2024-12-03 17:42:44,363 [INFO] PluginManager:220 - loadIPPluginJar : add i2c
2024-12-03 17:42:44,366 [INFO] IPUIPlugin:80 - create IPUIPlugin
2024-12-03 17:42:44,366 [INFO] PluginManager:220 - loadIPPluginJar : add i2s
2024-12-03 17:42:44,371 [INFO] IPUIPlugin:80 - create IPUIPlugin
2024-12-03 17:42:44,371 [INFO] PluginManager:220 - loadIPPluginJar : add i3c
2024-12-03 17:42:44,375 [INFO] IPUIPlugin:80 - create IPUIPlugin
2024-12-03 17:42:44,375 [INFO] PluginManager:220 - loadIPPluginJar : add ipddr
2024-12-03 17:42:44,382 [INFO] IPUIPlugin:80 - create IPUIPlugin
2024-12-03 17:42:44,383 [INFO] PluginManager:220 - loadIPPluginJar : add linkedlist
2024-12-03 17:42:44,386 [INFO] IPUIPlugin:80 - create IPUIPlugin
2024-12-03 17:42:44,386 [INFO] PluginManager:220 - loadIPPluginJar : add lorawan
2024-12-03 17:42:44,389 [INFO] IPUIPlugin:80 - create IPUIPlugin
2024-12-03 17:42:44,389 [INFO] PluginManager:220 - loadIPPluginJar : add ltdc
2024-12-03 17:42:44,398 [INFO] IPUIPlugin:80 - create IPUIPlugin
2024-12-03 17:42:44,398 [INFO] PluginManager:220 - loadIPPluginJar : add mdma
2024-12-03 17:42:44,403 [INFO] IPUIPlugin:80 - create IPUIPlugin
2024-12-03 17:42:44,403 [INFO] PluginManager:220 - loadIPPluginJar : add nvic
2024-12-03 17:42:44,408 [INFO] IPUIPlugin:80 - create IPUIPlugin
2024-12-03 17:42:44,408 [INFO] PluginManager:220 - loadIPPluginJar : add opamp
2024-12-03 17:42:44,411 [INFO] IPUIPlugin:80 - create IPUIPlugin
2024-12-03 17:42:44,411 [INFO] PluginManager:220 - loadIPPluginJar : add openamp
2024-12-03 17:42:44,414 [INFO] IPUIPlugin:80 - create IPUIPlugin
2024-12-03 17:42:44,414 [INFO] PluginManager:220 - loadIPPluginJar : add pdm2pcm
2024-12-03 17:42:44,421 [INFO] IPUIPlugin:80 - create IPUIPlugin
2024-12-03 17:42:44,424 [INFO] PluginManager:220 - loadIPPluginJar : add plateformsettings
2024-12-03 17:42:44,427 [INFO] IPUIPlugin:80 - create IPUIPlugin
2024-12-03 17:42:44,427 [INFO] PluginManager:220 - loadIPPluginJar : add quadspi
2024-12-03 17:42:44,430 [INFO] IPUIPlugin:80 - create IPUIPlugin
2024-12-03 17:42:44,431 [INFO] PluginManager:220 - loadIPPluginJar : add radio
2024-12-03 17:42:44,437 [INFO] IPUIPlugin:80 - create IPUIPlugin
2024-12-03 17:42:44,437 [INFO] PluginManager:220 - loadIPPluginJar : add resmgrutility
2024-12-03 17:42:44,442 [INFO] IPUIPlugin:80 - create IPUIPlugin
2024-12-03 17:42:44,442 [INFO] PluginManager:220 - loadIPPluginJar : add sai
2024-12-03 17:42:44,445 [INFO] IPUIPlugin:80 - create IPUIPlugin
2024-12-03 17:42:44,445 [INFO] PluginManager:220 - loadIPPluginJar : add spi
2024-12-03 17:42:44,451 [INFO] IPUIPlugin:80 - create IPUIPlugin
2024-12-03 17:42:44,451 [INFO] PluginManager:220 - loadIPPluginJar : add stm32_wpan
2024-12-03 17:42:44,454 [INFO] IPUIPlugin:80 - create IPUIPlugin
2024-12-03 17:42:44,454 [INFO] PluginManager:220 - loadIPPluginJar : add tim
2024-12-03 17:42:44,459 [INFO] IPUIPlugin:80 - create IPUIPlugin
2024-12-03 17:42:44,459 [INFO] PluginManager:220 - loadIPPluginJar : add touchsensing
2024-12-03 17:42:44,462 [INFO] IPUIPlugin:80 - create IPUIPlugin
2024-12-03 17:42:44,462 [INFO] PluginManager:220 - loadIPPluginJar : add tracer_emb
2024-12-03 17:42:44,465 [INFO] IPUIPlugin:80 - create IPUIPlugin
2024-12-03 17:42:44,465 [INFO] PluginManager:220 - loadIPPluginJar : add ts
2024-12-03 17:42:44,468 [INFO] IPUIPlugin:80 - create IPUIPlugin
2024-12-03 17:42:44,468 [INFO] PluginManager:220 - loadIPPluginJar : add tsc
2024-12-03 17:42:44,471 [INFO] IPUIPlugin:80 - create IPUIPlugin
2024-12-03 17:42:44,471 [INFO] PluginManager:220 - loadIPPluginJar : add ucpd
2024-12-03 17:42:44,474 [INFO] IPUIPlugin:80 - create IPUIPlugin
2024-12-03 17:42:44,474 [INFO] PluginManager:220 - loadIPPluginJar : add usart
2024-12-03 17:42:44,478 [INFO] IPUIPlugin:80 - create IPUIPlugin
2024-12-03 17:42:44,478 [INFO] PluginManager:220 - loadIPPluginJar : add usbx
2024-12-03 17:42:44,610 [FATAL] Updater:351 - Updater called before beeing initialized
2024-12-03 17:42:44,628 [INFO] RulesReader:64 - Compatibility file has been processed (297 Rules)
2024-12-03 17:42:44,638 [INFO] RulesReader:64 - Compatibility file has been processed (297 Rules)
2024-12-03 17:42:44,645 [INFO] CADModel:165 - CPN selected for project level
2024-12-03 17:42:44,645 [INFO] CADModel:114 - Register for checkConnection events
2024-12-03 17:42:44,645 [FATAL] Updater:351 - Updater called before beeing initialized
2024-12-03 17:42:44,645 [ERROR] CADModel:125 - Updater not yet initialized, retry later 
2024-12-03 17:42:44,763 [FATAL] Updater:351 - Updater called before beeing initialized
2024-12-03 17:42:44,764 [INFO] CADModel:165 - CPN selected for project level
2024-12-03 17:42:44,764 [INFO] CADModel:114 - Register for checkConnection events
2024-12-03 17:42:44,764 [FATAL] Updater:351 - Updater called before beeing initialized
2024-12-03 17:42:44,764 [ERROR] CADModel:125 - Updater not yet initialized, retry later 
2024-12-03 17:42:44,766 [FATAL] Updater:351 - Updater called before beeing initialized
2024-12-03 17:42:44,844 [FATAL] Updater:351 - Updater called before beeing initialized
2024-12-03 17:42:44,849 [INFO] DbMcusAds:53 - JSON generation date=Thu Sep 30 08:55:09 CEST 2021 (1632984909247)
2024-12-03 17:42:44,849 [FATAL] Updater:351 - Updater called before beeing initialized
2024-12-03 17:42:44,885 [WARN] DetailPanel:346 - Failed to get advertising image, set to default
2024-12-03 17:42:45,079 [FATAL] Updater:351 - Updater called before beeing initialized
2024-12-03 17:42:45,080 [FATAL] Updater:351 - Updater called before beeing initialized
2024-12-03 17:42:45,080 [FATAL] Updater:351 - Updater called before beeing initialized
2024-12-03 17:42:45,080 [WARN] DetailPanel:346 - Failed to get advertising image, set to default
2024-12-03 17:42:45,081 [FATAL] Updater:351 - Updater called before beeing initialized
2024-12-03 17:42:45,115 [ERROR] Updater:1198 - MainUpdater not yet initialized. External WinMGr cannot be set.
2024-12-03 17:42:45,117 [INFO] Updater:1134 - Updater Version found : 6.13.0
2024-12-03 17:42:45,130 [INFO] ApplicationProperties:184 - Using Application install path: C:\ST\STM32CubeIDE_1.17.0\STM32CubeIDE\plugins\com.st.stm32cube.common.mx_6.13.0.202411220809
2024-12-03 17:42:46,681 [INFO] ThirdPartyUpdaterWithRetryManager:70 - Updater plugin not ready yet. [2/15]
2024-12-03 17:42:46,698 [ERROR] LogOutputStream:75 - [STDERR_REDIRECT] Dec 03, 2024 5:42:46 PM java.util.prefs.WindowsPreferences <init>
2024-12-03 17:42:46,700 [ERROR] LogOutputStream:75 - [STDERR_REDIRECT] WARNING: Could not open/create prefs root node Software\JavaSoft\Prefs at root 0xffffffff80000002. Windows RegCreateKeyEx(...) returned error code 5.
2024-12-03 17:42:46,700 [ERROR] LogOutputStream:75 - [STDERR_REDIRECT] 
2024-12-03 17:42:46,714 [INFO] MainUpdater:525 - Copy updater definitions from MX database
2024-12-03 17:42:46,737 [INFO] MainUpdater:558 - Copy flag file definitions from MX database
2024-12-03 17:42:46,740 [INFO] MainUpdater:574 - Copy thirdparty index definitions from MX database
2024-12-03 17:42:46,741 [INFO] MainUpdater:593 - Copy default thirdparty db definitions from MX database
2024-12-03 17:42:46,944 [INFO] MainUpdater:2872 - connection check result : 10
2024-12-03 17:42:46,944 [INFO] MainUpdater:3566 - Updater definition file requires update
2024-12-03 17:42:46,945 [INFO] MainUpdater:289 - Updater Check For Update Now.
2024-12-03 17:42:46,945 [INFO] MicroXplorer:498 - Change Database Version : DB.6.0.130
2024-12-03 17:42:46,949 [INFO] McuFinderGlobals:63 - Set McuFinder mode to 2 (CubeIDE integrated)
2024-12-03 17:42:46,949 [INFO] UserAuth:171 - activating auth plugin
2024-12-03 17:42:46,952 [INFO] UserAuth:486 - Internet connection configuration mode: 1
2024-12-03 17:42:46,964 [INFO] JxBrowserEngine:152 - Initiate JxBrowser Engine with user profile folder
2024-12-03 17:42:47,022 [INFO] ServerAccessManage:473 - Download File updaters.zip
2024-12-03 17:42:47,068 [INFO] FileExtend:240 - Unzip File : updaters.zip
2024-12-03 17:42:47,068 [INFO] FileExtend:255 - Standard Zip Deflate
2024-12-03 17:42:47,407 [INFO] ServerAccessManage:473 - Download File PacksControlFlags.xml
2024-12-03 17:42:47,514 [INFO] ServerAccessManage:473 - Download File cubemx.pidx
2024-12-03 17:42:47,630 [INFO] ServerAccessManage:473 - Download File STMicroelectronics.FP-ATR-ASTRA1.pdsc
2024-12-03 17:42:48,024 [INFO] ServerAccessManage:473 - Download File STMicroelectronics.FP-ATR-SIGFOX1.pdsc
2024-12-03 17:42:48,161 [INFO] ServerAccessManage:473 - Download File STMicroelectronics.FP-SNS-STBOX1.pdsc
2024-12-03 17:42:48,336 [INFO] ServerAccessManage:473 - Download File STMicroelectronics.FP-SNS-FLIGHT1.pdsc
2024-12-03 17:42:48,610 [INFO] ServerAccessManage:473 - Download File STMicroelectronics.FP-SNS-MOTENV1.pdsc
2024-12-03 17:42:48,927 [INFO] ServerAccessManage:473 - Download File STMicroelectronics.FP-SNS-MOTENVWB1.pdsc
2024-12-03 17:42:49,210 [INFO] ServerAccessManage:473 - Download File STMicroelectronics.FP-SNS-SMARTAG2.pdsc
2024-12-03 17:42:49,337 [INFO] ServerAccessManage:473 - Download File STMicroelectronics.X-CUBE-AI.pdsc
2024-12-03 17:42:49,681 [WARN] MainUpdater:1193 - Updater busy. Cannot search thirdparties
2024-12-03 17:42:49,681 [INFO] ThirdPartyUpdaterWithRetryManager:96 - Updater plugin is busy. [1/15]
2024-12-03 17:42:50,429 [INFO] ServerAccessManage:473 - Download File STMicroelectronics.X-CUBE-ALS.pdsc
2024-12-03 17:42:50,719 [INFO] ServerAccessManage:473 - Download File STMicroelectronics.X-CUBE-BLE1.pdsc
2024-12-03 17:42:51,658 [INFO] WebApp:168 - Instantiating new browser for Auth
2024-12-03 17:42:51,686 [ERROR] ServerAccessManage:1089 - Problem, file not found on Server
2024-12-03 17:42:51,746 [INFO] ServerAccessManage:473 - Download File STMicroelectronics.X-CUBE-BLE2.pdsc
2024-12-03 17:42:52,296 [INFO] WebApp:449 - Apply proxy settings
2024-12-03 17:42:52,297 [INFO] WebApp:534 - Chromium requires no authentication
2024-12-03 17:42:52,306 [INFO] WebApp:477 - Direct internet connection detected
2024-12-03 17:42:52,313 [INFO] ServerAccessManage:473 - Download File STMicroelectronics.X-CUBE-BLEMGR.pdsc
2024-12-03 17:42:52,327 [INFO] WebApp:880 - Register for checkConnection events
2024-12-03 17:42:52,327 [INFO] WebApp:449 - Apply proxy settings
2024-12-03 17:42:52,327 [INFO] WebApp:534 - Chromium requires no authentication
2024-12-03 17:42:52,327 [INFO] WebApp:477 - Direct internet connection detected
2024-12-03 17:42:52,463 [INFO] WebApp:187 - Connection restablished
2024-12-03 17:42:52,504 [INFO] WebApp:221 - Starting web application
2024-12-03 17:42:52,505 [INFO] WebApp:579 - Web application path used C:\ST\STM32CubeIDE_1.17.0\STM32CubeIDE\plugins\com.st.stm32cube.common.mx_6.13.0.202411220809\db\plugins\mcufinder\reactClient1\index.html
2024-12-03 17:42:52,683 [WARN] MainUpdater:1193 - Updater busy. Cannot search thirdparties
2024-12-03 17:42:52,683 [INFO] ThirdPartyUpdaterWithRetryManager:96 - Updater plugin is busy. [2/15]
2024-12-03 17:42:52,803 [INFO] ServerAccessManage:473 - Download File STMicroelectronics.X-CUBE-DISPLAY.pdsc
2024-12-03 17:42:53,238 [INFO] ServerAccessManage:473 - Download File STMicroelectronics.X-CUBE-DPOWER.pdsc
2024-12-03 17:42:53,487 [ERROR] ServerAccessManage:1089 - Problem, file not found on Server
2024-12-03 17:42:53,658 [ERROR] ServerAccessManage:1089 - Problem, file not found on Server
2024-12-03 17:42:53,830 [ERROR] ServerAccessManage:1089 - Problem, file not found on Server
2024-12-03 17:42:54,013 [ERROR] ServerAccessManage:1089 - Problem, file not found on Server
2024-12-03 17:42:54,112 [ERROR] ServerAccessManage:1089 - Problem, file not found on Server
2024-12-03 17:42:54,289 [ERROR] ServerAccessManage:1089 - Problem, file not found on Server
2024-12-03 17:42:54,383 [ERROR] ServerAccessManage:1089 - Problem, file not found on Server
2024-12-03 17:42:54,552 [ERROR] ServerAccessManage:1089 - Problem, file not found on Server
2024-12-03 17:42:54,649 [ERROR] ServerAccessManage:1089 - Problem, file not found on Server
2024-12-03 17:42:54,823 [ERROR] ServerAccessManage:1089 - Problem, file not found on Server
2024-12-03 17:42:55,036 [ERROR] ServerAccessManage:1089 - Problem, file not found on Server
2024-12-03 17:42:55,114 [INFO] ServerAccessManage:473 - Download File STMicroelectronics.X-CUBE-EEPRMA1.pdsc
2024-12-03 17:42:55,290 [ERROR] ServerAccessManage:1089 - Problem, file not found on Server
2024-12-03 17:42:55,597 [ERROR] ServerAccessManage:1089 - Problem, file not found on Server
2024-12-03 17:42:55,683 [WARN] MainUpdater:1193 - Updater busy. Cannot search thirdparties
2024-12-03 17:42:55,683 [INFO] ThirdPartyUpdaterWithRetryManager:96 - Updater plugin is busy. [3/15]
2024-12-03 17:42:55,967 [INFO] ServerAccessManage:473 - Download File STMicroelectronics.X-CUBE-FREERTOS.pdsc
2024-12-03 17:42:56,263 [INFO] ServerAccessManage:473 - Download File STMicroelectronics.X-CUBE-GNSS1.pdsc
2024-12-03 17:42:56,955 [ERROR] ServerAccessManage:1089 - Problem, file not found on Server
2024-12-03 17:42:57,145 [ERROR] ServerAccessManage:1089 - Problem, file not found on Server
2024-12-03 17:42:57,301 [ERROR] ServerAccessManage:1089 - Problem, file not found on Server
2024-12-03 17:42:57,478 [ERROR] ServerAccessManage:1089 - Problem, file not found on Server
2024-12-03 17:42:57,651 [ERROR] ServerAccessManage:1089 - Problem, file not found on Server
2024-12-03 17:42:57,804 [ERROR] ServerAccessManage:1089 - Problem, file not found on Server
2024-12-03 17:42:57,845 [INFO] ServerAccessManage:473 - Download File STMicroelectronics.X-CUBE-ISPU.pdsc
2024-12-03 17:42:58,124 [INFO] ServerAccessManage:473 - Download File STMicroelectronics.X-CUBE-IPS.pdsc
2024-12-03 17:42:58,244 [INFO] ServerAccessManage:473 - Download File STMicroelectronics.X-CUBE-MEMS1.pdsc
2024-12-03 17:42:58,684 [WARN] MainUpdater:1193 - Updater busy. Cannot search thirdparties
2024-12-03 17:42:58,684 [INFO] ThirdPartyUpdaterWithRetryManager:96 - Updater plugin is busy. [4/15]
2024-12-03 17:42:59,725 [INFO] ServerAccessManage:473 - Download File STMicroelectronics.X-CUBE-NFC4.pdsc
2024-12-03 17:43:00,497 [INFO] ServerAccessManage:473 - Download File STMicroelectronics.X-CUBE-NFC6.pdsc
2024-12-03 17:43:00,708 [INFO] ServerAccessManage:473 - Download File STMicroelectronics.X-CUBE-NFC7.pdsc
2024-12-03 17:43:00,878 [INFO] ServerAccessManage:473 - Download File STMicroelectronics.X-CUBE-NFC9.pdsc
2024-12-03 17:43:01,031 [INFO] ServerAccessManage:473 - Download File STMicroelectronics.X-CUBE-NFC10.pdsc
2024-12-03 17:43:01,179 [INFO] ServerAccessManage:473 - Download File STMicroelectronics.X-CUBE-SFXS2LP1.pdsc
2024-12-03 17:43:01,481 [INFO] ServerAccessManage:473 - Download File STMicroelectronics.X-CUBE-SAFEA1.pdsc
2024-12-03 17:43:01,595 [INFO] ServerAccessManage:473 - Download File STMicroelectronics.X-CUBE-SUBG2.pdsc
2024-12-03 17:43:01,685 [WARN] MainUpdater:1193 - Updater busy. Cannot search thirdparties
2024-12-03 17:43:01,685 [INFO] ThirdPartyUpdaterWithRetryManager:96 - Updater plugin is busy. [5/15]
2024-12-03 17:43:02,068 [INFO] ServerAccessManage:473 - Download File STMicroelectronics.X-CUBE-SMBUS.pdsc
2024-12-03 17:43:02,307 [ERROR] ServerAccessManage:1089 - Problem, file not found on Server
2024-12-03 17:43:02,364 [INFO] ServerAccessManage:473 - Download File STMicroelectronics.X-CUBE-TCPP.pdsc
2024-12-03 17:43:02,521 [INFO] ServerAccessManage:473 - Download File STMicroelectronics.X-CUBE-TOF1.pdsc
2024-12-03 17:43:03,264 [ERROR] ServerAccessManage:1089 - Problem, file not found on Server
2024-12-03 17:43:03,374 [INFO] ServerAccessManage:473 - Download File STMicroelectronics.X-CUBE-TOUCHGFX.pdsc
2024-12-03 17:43:04,686 [WARN] MainUpdater:1193 - Updater busy. Cannot search thirdparties
2024-12-03 17:43:04,686 [INFO] ThirdPartyUpdaterWithRetryManager:96 - Updater plugin is busy. [6/15]
2024-12-03 17:43:04,728 [INFO] ServerAccessManage:473 - Download File STMicroelectronics.X-CUBE-ALGOBUILD.pdsc
2024-12-03 17:43:05,108 [INFO] ServerAccessManage:473 - Download File STMicroelectronics.X-CUBE-AZRTOS-H7.pdsc
2024-12-03 17:43:05,616 [INFO] ServerAccessManage:473 - Download File STMicroelectronics.X-CUBE-AZRTOS-H7RS.pdsc
2024-12-03 17:43:05,780 [INFO] ServerAccessManage:473 - Download File STMicroelectronics.X-CUBE-AZRTOS-F4.pdsc
2024-12-03 17:43:06,008 [INFO] ServerAccessManage:473 - Download File STMicroelectronics.X-CUBE-AZRTOS-F7.pdsc
2024-12-03 17:43:06,215 [INFO] ServerAccessManage:473 - Download File STMicroelectronics.X-CUBE-AZRTOS-L4.pdsc
2024-12-03 17:43:06,501 [INFO] ServerAccessManage:473 - Download File STMicroelectronics.X-CUBE-AZRTOS-L5.pdsc
2024-12-03 17:43:06,769 [INFO] ServerAccessManage:473 - Download File STMicroelectronics.X-CUBE-AZRTOS-G0.pdsc
2024-12-03 17:43:07,010 [INFO] ServerAccessManage:473 - Download File STMicroelectronics.X-CUBE-AZRTOS-G4.pdsc
2024-12-03 17:43:07,254 [INFO] ServerAccessManage:473 - Download File STMicroelectronics.X-CUBE-AZRTOS-WB.pdsc
2024-12-03 17:43:07,478 [INFO] ServerAccessManage:473 - Download File STMicroelectronics.X-CUBE-AZRTOS-WL.pdsc
2024-12-03 17:43:07,687 [WARN] MainUpdater:1193 - Updater busy. Cannot search thirdparties
2024-12-03 17:43:07,687 [INFO] ThirdPartyUpdaterWithRetryManager:96 - Updater plugin is busy. [7/15]
2024-12-03 17:43:07,698 [INFO] ServerAccessManage:473 - Download File STMicroelectronics.X-CUBE-WB05N.pdsc
2024-12-03 17:43:08,251 [INFO] ServerAccessManage:473 - Download File wolfSSL.I-CUBE-wolfSSL.pdsc
2024-12-03 17:43:10,687 [WARN] MainUpdater:1193 - Updater busy. Cannot search thirdparties
2024-12-03 17:43:10,687 [INFO] ThirdPartyUpdaterWithRetryManager:96 - Updater plugin is busy. [8/15]
2024-12-03 17:43:11,804 [ERROR] ServerAccessManage:1089 - Problem, file not found on Server
2024-12-03 17:43:12,134 [ERROR] ServerAccessManage:1089 - Problem, file not found on Server
2024-12-03 17:43:12,522 [ERROR] ServerAccessManage:1089 - Problem, file not found on Server
2024-12-03 17:43:12,643 [INFO] ServerAccessManage:473 - Download File wolfSSL.I-CUBE-wolfMQTT.pdsc
2024-12-03 17:43:13,428 [ERROR] ServerAccessManage:1089 - Problem, file not found on Server
2024-12-03 17:43:13,555 [INFO] ServerAccessManage:473 - Download File wolfSSL.I-CUBE-wolfTPM.pdsc
2024-12-03 17:43:13,688 [WARN] MainUpdater:1193 - Updater busy. Cannot search thirdparties
2024-12-03 17:43:13,688 [INFO] ThirdPartyUpdaterWithRetryManager:96 - Updater plugin is busy. [9/15]
2024-12-03 17:43:14,437 [INFO] ServerAccessManage:473 - Download File wolfSSL.I-CUBE-wolfSSH.pdsc
2024-12-03 17:43:15,444 [INFO] ServerAccessManage:473 - Download File RealThread.X-CUBE-RT-Thread_Nano.pdsc
2024-12-03 17:43:15,575 [INFO] ServerAccessManage:473 - Download File SEGGER.I-CUBE-embOS.pdsc
2024-12-03 17:43:15,826 [INFO] ServerAccessManage:473 - Download File portGmbH.I-Cube-SoM-uGOAL.pdsc
2024-12-03 17:43:16,023 [ERROR] ServerAccessManage:1089 - Problem, file not found on Server
2024-12-03 17:43:16,043 [ERROR] ServerAccessManage:1089 - Problem, file not found on Server
2024-12-03 17:43:16,063 [ERROR] ServerAccessManage:1089 - Problem, file not found on Server
2024-12-03 17:43:16,169 [INFO] ServerAccessManage:473 - Download File emotas.I-CUBE-CANOPEN.pdsc
2024-12-03 17:43:16,689 [WARN] MainUpdater:1193 - Updater busy. Cannot search thirdparties
2024-12-03 17:43:16,689 [INFO] ThirdPartyUpdaterWithRetryManager:96 - Updater plugin is busy. [10/15]
2024-12-03 17:43:16,932 [INFO] ServerAccessManage:473 - Download File WES.I-CUBE-Cesium.pdsc
2024-12-03 17:43:17,491 [ERROR] ServerAccessManage:1089 - Problem, file not found on Server
2024-12-03 17:43:17,764 [ERROR] ServerAccessManage:1089 - Problem, file not found on Server
2024-12-03 17:43:18,467 [INFO] ServerAccessManage:473 - Download File ITTIA_DB.I-CUBE-ITTIADB.pdsc
2024-12-03 17:43:19,690 [WARN] MainUpdater:1193 - Updater busy. Cannot search thirdparties
2024-12-03 17:43:19,690 [INFO] ThirdPartyUpdaterWithRetryManager:96 - Updater plugin is busy. [11/15]
2024-12-03 17:43:22,030 [INFO] ServerAccessManage:473 - Download File Infineon.AIROC-Wi-Fi-Bluetooth-STM32.pdsc
2024-12-03 17:43:22,691 [WARN] MainUpdater:1193 - Updater busy. Cannot search thirdparties
2024-12-03 17:43:22,691 [INFO] ThirdPartyUpdaterWithRetryManager:96 - Updater plugin is busy. [12/15]
2024-12-03 17:43:25,691 [WARN] MainUpdater:1193 - Updater busy. Cannot search thirdparties
2024-12-03 17:43:25,691 [INFO] ThirdPartyUpdaterWithRetryManager:96 - Updater plugin is busy. [13/15]
2024-12-03 17:43:25,883 [INFO] ServerAccessManage:473 - Download File Cesanta.I-CUBE-Mongoose.pdsc
2024-12-03 17:43:26,775 [INFO] ServerAccessManage:473 - Download File EmbeddedOffice.I-CUBE-FS-RTOS.pdsc
2024-12-03 17:43:27,292 [INFO] ServerAccessManage:473 - Download File quantropi.X-CUBE-qispace-sdk-base.pdsc
2024-12-03 17:43:27,463 [WARN] CheckServerUpdateThread:151 - Open CheckUpdateFile Fail
2024-12-03 17:43:27,476 [WARN] PackLoader:240 - Cannot read IP mode file for STMicroelectronics.FP-ATR-ASTRA1.2.0.1
2024-12-03 17:43:27,480 [WARN] PackLoader:240 - Cannot read IP mode file for STMicroelectronics.FP-ATR-SIGFOX1.3.2.0
2024-12-03 17:43:27,488 [WARN] PackLoader:240 - Cannot read IP mode file for STMicroelectronics.FP-SNS-STBOX1.2.0.0
2024-12-03 17:43:27,495 [WARN] PackLoader:240 - Cannot read IP mode file for STMicroelectronics.FP-SNS-FLIGHT1.5.0.2
2024-12-03 17:43:27,499 [WARN] PackLoader:240 - Cannot read IP mode file for STMicroelectronics.FP-SNS-MOTENV1.5.0.0
2024-12-03 17:43:27,503 [WARN] PackLoader:240 - Cannot read IP mode file for STMicroelectronics.FP-SNS-MOTENVWB1.1.4.0
2024-12-03 17:43:27,508 [WARN] PackLoader:240 - Cannot read IP mode file for STMicroelectronics.FP-SNS-SMARTAG2.1.2.0
2024-12-03 17:43:27,511 [WARN] PackLoader:240 - Cannot read IP mode file for STMicroelectronics.X-CUBE-AI.9.1.0
2024-12-03 17:43:27,516 [WARN] PackLoader:240 - Cannot read IP mode file for STMicroelectronics.X-CUBE-ALS.1.0.2
2024-12-03 17:43:27,521 [WARN] PackLoader:240 - Cannot read IP mode file for STMicroelectronics.X-CUBE-BLE1.7.0.0
2024-12-03 17:43:27,525 [WARN] PackLoader:240 - Cannot read IP mode file for STMicroelectronics.X-CUBE-BLE2.3.3.0
2024-12-03 17:43:27,534 [WARN] PackLoader:240 - Cannot read IP mode file for STMicroelectronics.X-CUBE-BLEMGR.3.1.0
2024-12-03 17:43:27,544 [WARN] PackLoader:240 - Cannot read IP mode file for STMicroelectronics.X-CUBE-DISPLAY.3.0.0
2024-12-03 17:43:27,552 [WARN] PackLoader:240 - Cannot read IP mode file for STMicroelectronics.X-CUBE-DPower.1.2.0
2024-12-03 17:43:27,557 [WARN] PackLoader:240 - Cannot read IP mode file for STMicroelectronics.X-CUBE-EEPRMA1.5.1.0
2024-12-03 17:43:27,561 [WARN] PackLoader:240 - Cannot read IP mode file for STMicroelectronics.X-CUBE-FREERTOS.1.2.0
2024-12-03 17:43:27,564 [WARN] PackLoader:240 - Cannot read IP mode file for STMicroelectronics.X-CUBE-GNSS1.7.0.0
2024-12-03 17:43:27,568 [WARN] PackLoader:240 - Cannot read IP mode file for STMicroelectronics.X-CUBE-ISPU.2.1.0
2024-12-03 17:43:27,575 [WARN] PackLoader:240 - Cannot read IP mode file for STMicroelectronics.X-CUBE-IPS.3.0.0
2024-12-03 17:43:27,579 [INFO] CheckServerUpdateThread:120 - End of CheckServer Thread
2024-12-03 17:43:27,607 [WARN] PackLoader:240 - Cannot read IP mode file for STMicroelectronics.X-CUBE-MEMS1.11.0.0
2024-12-03 17:43:27,710 [WARN] PackLoader:240 - Cannot read IP mode file for STMicroelectronics.X-CUBE-NFC4.3.0.0
2024-12-03 17:43:27,715 [WARN] PackLoader:240 - Cannot read IP mode file for STMicroelectronics.X-CUBE-NFC6.3.1.0
2024-12-03 17:43:27,734 [WARN] PackLoader:240 - Cannot read IP mode file for STMicroelectronics.X-CUBE-NFC7.1.0.1
2024-12-03 17:43:27,738 [WARN] PackLoader:240 - Cannot read IP mode file for STMicroelectronics.X-CUBE-NFC9.1.0.0
2024-12-03 17:43:27,742 [WARN] PackLoader:240 - Cannot read IP mode file for STMicroelectronics.X-CUBE-NFC10.1.0.0
2024-12-03 17:43:27,747 [WARN] PackLoader:240 - Cannot read IP mode file for STMicroelectronics.X-CUBE-SFXS2LP1.4.0.0
2024-12-03 17:43:27,752 [WARN] PackLoader:240 - Cannot read IP mode file for STMicroelectronics.X-CUBE-SAFEA1.1.2.2
2024-12-03 17:43:27,760 [WARN] PackLoader:240 - Cannot read IP mode file for STMicroelectronics.X-CUBE-SUBG2.5.0.0
2024-12-03 17:43:27,765 [WARN] PackLoader:240 - Cannot read IP mode file for STMicroelectronics.X-CUBE-SMBUS.2.1.0
2024-12-03 17:43:27,768 [WARN] PackLoader:240 - Cannot read IP mode file for STMicroelectronics.X-CUBE-TCPP.4.1.0
2024-12-03 17:43:27,775 [WARN] PackLoader:240 - Cannot read IP mode file for STMicroelectronics.X-CUBE-TOF1.3.4.2
2024-12-03 17:43:27,782 [WARN] PackLoader:240 - Cannot read IP mode file for STMicroelectronics.X-CUBE-TOUCHGFX.4.24.1
2024-12-03 17:43:27,787 [WARN] PackLoader:240 - Cannot read IP mode file for STMicroelectronics.X-CUBE-ALGOBUILD.1.4.0
2024-12-03 17:43:27,798 [WARN] PackLoader:240 - Cannot read IP mode file for STMicroelectronics.X-CUBE-AZRTOS-H7.3.3.0
2024-12-03 17:43:27,810 [WARN] PackLoader:240 - Cannot read IP mode file for STMicroelectronics.X-CUBE-AZRTOS-H7RS.1.0.0
2024-12-03 17:43:27,820 [WARN] PackLoader:240 - Cannot read IP mode file for STMicroelectronics.X-CUBE-AZRTOS-F4.1.1.0
2024-12-03 17:43:27,829 [WARN] PackLoader:240 - Cannot read IP mode file for STMicroelectronics.X-CUBE-AZRTOS-F7.1.1.0
2024-12-03 17:43:27,841 [WARN] ConditionMgr:438 - getConditionDescription Invalid condition id : LAN8742 Phy interface Condition cause : null
2024-12-03 17:43:27,842 [WARN] PackLoader:240 - Cannot read IP mode file for STMicroelectronics.X-CUBE-AZRTOS-L4.2.0.0
2024-12-03 17:43:27,842 [WARN] ConditionMgr:1044 - genDependencies : Invalid condition id : LAN8742 Phy interface Condition cause : null
2024-12-03 17:43:27,842 [WARN] ConditionMgr:1044 - genDependencies : Invalid condition id : LAN8742 Phy interface Condition cause : null
2024-12-03 17:43:27,842 [WARN] ConditionMgr:1044 - genDependencies : Invalid condition id : LAN8742 Phy interface Condition cause : null
2024-12-03 17:43:27,852 [WARN] PackLoader:240 - Cannot read IP mode file for STMicroelectronics.X-CUBE-AZRTOS-L5.2.0.0
2024-12-03 17:43:27,863 [WARN] PackLoader:240 - Cannot read IP mode file for STMicroelectronics.X-CUBE-AZRTOS-G0.1.1.0
2024-12-03 17:43:27,871 [WARN] PackLoader:240 - Cannot read IP mode file for STMicroelectronics.X-CUBE-AZRTOS-G4.2.0.0
2024-12-03 17:43:27,878 [WARN] ConditionMgr:438 - getConditionDescription Invalid condition id : UX DEVICE CLASS RTOS Condition cause : null
2024-12-03 17:43:27,878 [WARN] ConditionMgr:438 - getConditionDescription Invalid condition id : UX DEVICE CLASS RTOS Condition cause : null
2024-12-03 17:43:27,879 [WARN] PackLoader:240 - Cannot read IP mode file for STMicroelectronics.X-CUBE-AZRTOS-WB.2.0.0
2024-12-03 17:43:27,879 [WARN] ConditionMgr:1044 - genDependencies : Invalid condition id : UX DEVICE CLASS RTOS Condition cause : null
2024-12-03 17:43:27,879 [WARN] ConditionMgr:1044 - genDependencies : Invalid condition id : UX DEVICE CLASS RTOS Condition cause : null
2024-12-03 17:43:27,879 [WARN] ConditionMgr:1044 - genDependencies : Invalid condition id : UX DEVICE CLASS RTOS Condition cause : null
2024-12-03 17:43:27,879 [WARN] ConditionMgr:1044 - genDependencies : Invalid condition id : UX DEVICE CLASS RTOS Condition cause : null
2024-12-03 17:43:27,879 [WARN] ConditionMgr:1044 - genDependencies : Invalid condition id : UX DEVICE CLASS RTOS Condition cause : null
2024-12-03 17:43:27,885 [INFO] LogOutputStream:77 - [STDOUT_REDIRECT] 1 : Invalid condition id : UX_CORESTACK_Condition cause : null
2024-12-03 17:43:27,886 [INFO] LogOutputStream:77 - [STDOUT_REDIRECT] 1 : Invalid condition id : UX_CORESTACK_Condition cause : null
2024-12-03 17:43:27,887 [INFO] LogOutputStream:77 - [STDOUT_REDIRECT] 1 : Invalid condition id : UX_CORESTACK_Condition cause : null
2024-12-03 17:43:27,888 [INFO] LogOutputStream:77 - [STDOUT_REDIRECT] 1 : Invalid condition id : UX_CORESTACK_Condition cause : null
2024-12-03 17:43:27,889 [INFO] LogOutputStream:77 - [STDOUT_REDIRECT] 1 : Invalid condition id : UX_CORESTACK_Condition cause : null
2024-12-03 17:43:27,890 [WARN] PackLoader:240 - Cannot read IP mode file for STMicroelectronics.X-CUBE-AZRTOS-WL.2.0.0
2024-12-03 17:43:27,895 [WARN] PackLoader:240 - Cannot read IP mode file for STMicroelectronics.X-CUBE-WB05N.1.1.0
2024-12-03 17:43:27,898 [WARN] PackLoader:240 - Cannot read IP mode file for wolfSSL.I-CUBE-wolfSSL.5.7.4
2024-12-03 17:43:27,900 [WARN] PackLoader:240 - Cannot read IP mode file for wolfSSL.I-CUBE-wolfMQTT.1.19.0
2024-12-03 17:43:27,902 [WARN] PackLoader:240 - Cannot read IP mode file for wolfSSL.I-CUBE-wolfTPM.3.4.0
2024-12-03 17:43:27,904 [WARN] PackLoader:240 - Cannot read IP mode file for wolfSSL.I-CUBE-wolfSSH.1.4.17
2024-12-03 17:43:27,907 [WARN] PackLoader:240 - Cannot read IP mode file for RealThread.X-CUBE-RT-Thread_Nano.4.1.1
2024-12-03 17:43:27,919 [WARN] PackLoader:240 - Cannot read IP mode file for SEGGER.I-CUBE-embOS.1.3.1
2024-12-03 17:43:27,946 [WARN] PackLoader:240 - Cannot read IP mode file for portGmbH.I-Cube-SoM-uGOAL.1.1.0
2024-12-03 17:43:27,949 [WARN] PackLoader:240 - Cannot read IP mode file for emotas.I-CUBE-CANOPEN.1.3.0
2024-12-03 17:43:27,953 [WARN] PackLoader:240 - Cannot read IP mode file for WES.I-CUBE-Cesium.1.3.0
2024-12-03 17:43:27,957 [WARN] PackLoader:240 - Cannot read IP mode file for ITTIA_DB.I-CUBE-ITTIADB.8.9.0
2024-12-03 17:43:27,966 [WARN] PackLoader:240 - Cannot read IP mode file for Infineon.AIROC-Wi-Fi-Bluetooth-STM32.1.7.0
2024-12-03 17:43:27,984 [WARN] PackLoader:240 - Cannot read IP mode file for Cesanta.I-CUBE-Mongoose.7.13.0
2024-12-03 17:43:27,991 [WARN] PackLoader:240 - Cannot read IP mode file for EmbeddedOffice.I-CUBE-FS-RTOS.1.0.1
2024-12-03 17:43:27,994 [WARN] ConditionMgr:438 - getConditionDescription Invalid condition id : Cortex-A Device cause : null
2024-12-03 17:43:28,005 [WARN] ConditionMgr:1044 - genDependencies : Invalid condition id : Cortex-A Device cause : null
2024-12-03 17:43:28,005 [WARN] ConditionMgr:1044 - genDependencies : Invalid condition id : Cortex-A Device cause : null
2024-12-03 17:43:28,005 [WARN] ConditionMgr:1044 - genDependencies : Invalid condition id : Cortex-A Device cause : null
2024-12-03 17:43:28,006 [INFO] PopulateThirdPartyThread:66 - Ending populate Thread
2024-12-03 17:43:28,008 [INFO] ThirdParty:1030 - CMSIS Pack Vendor :STMicroelectronics X-CUBE-AZRTOS-H7 3.3.0
2024-12-03 17:43:28,008 [INFO] ThirdParty:1030 - CMSIS Pack Vendor :STMicroelectronics X-CUBE-NFC9 1.0.0
2024-12-03 17:43:28,008 [INFO] ThirdParty:1030 - CMSIS Pack Vendor :STMicroelectronics FP-SNS-MOTENVWB1 1.4.0
2024-12-03 17:43:28,008 [INFO] ThirdParty:1030 - CMSIS Pack Vendor :STMicroelectronics X-CUBE-AZRTOS-F4 1.1.0
2024-12-03 17:43:28,008 [INFO] ThirdParty:1030 - CMSIS Pack Vendor :STMicroelectronics FP-ATR-ASTRA1 2.0.1
2024-12-03 17:43:28,008 [INFO] ThirdParty:1030 - CMSIS Pack Vendor :STMicroelectronics X-CUBE-SMBUS 2.1.0
2024-12-03 17:43:28,008 [INFO] ThirdParty:1030 - CMSIS Pack Vendor :STMicroelectronics X-CUBE-WB05N 1.1.0
2024-12-03 17:43:28,008 [INFO] ThirdParty:1030 - CMSIS Pack Vendor :STMicroelectronics X-CUBE-ISPU 2.1.0
2024-12-03 17:43:28,008 [INFO] ThirdParty:1030 - CMSIS Pack Vendor :STMicroelectronics X-CUBE-TCPP 4.1.0
2024-12-03 17:43:28,008 [INFO] ThirdParty:1030 - CMSIS Pack Vendor :STMicroelectronics X-CUBE-FREERTOS 1.2.0
2024-12-03 17:43:28,008 [INFO] ThirdParty:1030 - CMSIS Pack Vendor :STMicroelectronics X-CUBE-IPS 3.0.0
2024-12-03 17:43:28,008 [INFO] ThirdParty:1030 - CMSIS Pack Vendor :STMicroelectronics X-CUBE-AZRTOS-WB 2.0.0
2024-12-03 17:43:28,008 [INFO] ThirdParty:1030 - CMSIS Pack Vendor :STMicroelectronics X-CUBE-GNSS1 7.0.0
2024-12-03 17:43:28,008 [INFO] ThirdParty:1030 - CMSIS Pack Vendor :STMicroelectronics X-CUBE-AZRTOS-F7 1.1.0
2024-12-03 17:43:28,008 [INFO] ThirdParty:1030 - CMSIS Pack Vendor :STMicroelectronics X-CUBE-AZRTOS-L5 2.0.0
2024-12-03 17:43:28,008 [INFO] ThirdParty:1030 - CMSIS Pack Vendor :STMicroelectronics X-CUBE-NFC6 3.1.0
2024-12-03 17:43:28,008 [INFO] ThirdParty:1030 - CMSIS Pack Vendor :STMicroelectronics FP-SNS-STBOX1 2.0.0
2024-12-03 17:43:28,008 [INFO] ThirdParty:1030 - CMSIS Pack Vendor :STMicroelectronics X-CUBE-MEMS1 11.0.0
2024-12-03 17:43:28,008 [INFO] ThirdParty:1030 - CMSIS Pack Vendor :STMicroelectronics X-CUBE-AZRTOS-G0 1.1.0
2024-12-03 17:43:28,008 [INFO] ThirdParty:1030 - CMSIS Pack Vendor :STMicroelectronics X-CUBE-DPower 1.2.0
2024-12-03 17:43:28,008 [INFO] ThirdParty:1030 - CMSIS Pack Vendor :STMicroelectronics X-CUBE-NFC4 3.0.0
2024-12-03 17:43:28,008 [INFO] ThirdParty:1030 - CMSIS Pack Vendor :STMicroelectronics X-CUBE-SAFEA1 1.2.2
2024-12-03 17:43:28,008 [INFO] ThirdParty:1030 - CMSIS Pack Vendor :STMicroelectronics X-CUBE-SUBG2 5.0.0
2024-12-03 17:43:28,009 [INFO] ThirdParty:1030 - CMSIS Pack Vendor :EmbeddedOffice I-CUBE-FS-RTOS 1.0.1
2024-12-03 17:43:28,009 [INFO] ThirdParty:1030 - CMSIS Pack Vendor :STMicroelectronics FP-SNS-FLIGHT1 5.0.2
2024-12-03 17:43:28,009 [INFO] ThirdParty:1030 - CMSIS Pack Vendor :Cesanta I-CUBE-Mongoose 7.13.0
2024-12-03 17:43:28,009 [INFO] ThirdParty:1030 - CMSIS Pack Vendor :Infineon AIROC-Wi-Fi-Bluetooth-STM32 1.7.0
2024-12-03 17:43:28,009 [INFO] ThirdParty:1030 - CMSIS Pack Vendor :STMicroelectronics X-CUBE-AZRTOS-G4 2.0.0
2024-12-03 17:43:28,009 [INFO] ThirdParty:1030 - CMSIS Pack Vendor :STMicroelectronics X-CUBE-DISPLAY 3.0.0
2024-12-03 17:43:28,009 [INFO] ThirdParty:1030 - CMSIS Pack Vendor :RealThread X-CUBE-RT-Thread_Nano 4.1.1
2024-12-03 17:43:28,009 [INFO] ThirdParty:1030 - CMSIS Pack Vendor :STMicroelectronics FP-ATR-SIGFOX1 3.2.0
2024-12-03 17:43:28,009 [INFO] ThirdParty:1030 - CMSIS Pack Vendor :STMicroelectronics X-CUBE-BLE1 7.0.0
2024-12-03 17:43:28,009 [INFO] ThirdParty:1030 - CMSIS Pack Vendor :STMicroelectronics X-CUBE-NFC10 1.0.0
2024-12-03 17:43:28,009 [INFO] ThirdParty:1030 - CMSIS Pack Vendor :quantropi X-CUBE-qispace-sdk-base 1.9.3
2024-12-03 17:43:28,009 [INFO] ThirdParty:1030 - CMSIS Pack Vendor :STMicroelectronics X-CUBE-EEPRMA1 5.1.0
2024-12-03 17:43:28,009 [INFO] ThirdParty:1030 - CMSIS Pack Vendor :STMicroelectronics X-CUBE-ALS 1.0.2
2024-12-03 17:43:28,009 [INFO] ThirdParty:1030 - CMSIS Pack Vendor :emotas I-CUBE-CANOPEN 1.3.0
2024-12-03 17:43:28,009 [INFO] ThirdParty:1030 - CMSIS Pack Vendor :wolfSSL I-CUBE-wolfSSL 5.7.4
2024-12-03 17:43:28,009 [INFO] ThirdParty:1030 - CMSIS Pack Vendor :STMicroelectronics X-CUBE-NFC7 1.0.1
2024-12-03 17:43:28,009 [INFO] ThirdParty:1030 - CMSIS Pack Vendor :ITTIA_DB I-CUBE-ITTIADB 8.9.0
2024-12-03 17:43:28,009 [INFO] ThirdParty:1030 - CMSIS Pack Vendor :STMicroelectronics X-CUBE-TOUCHGFX 4.24.1
2024-12-03 17:43:28,009 [INFO] ThirdParty:1030 - CMSIS Pack Vendor :wolfSSL I-CUBE-wolfTPM 3.4.0
2024-12-03 17:43:28,009 [INFO] ThirdParty:1030 - CMSIS Pack Vendor :portGmbH I-Cube-SoM-uGOAL 1.1.0
2024-12-03 17:43:28,009 [INFO] ThirdParty:1030 - CMSIS Pack Vendor :STMicroelectronics X-CUBE-BLEMGR 3.1.0
2024-12-03 17:43:28,009 [INFO] ThirdParty:1030 - CMSIS Pack Vendor :STMicroelectronics FP-SNS-SMARTAG2 1.2.0
2024-12-03 17:43:28,009 [INFO] ThirdParty:1030 - CMSIS Pack Vendor :STMicroelectronics X-CUBE-AZRTOS-WL 2.0.0
2024-12-03 17:43:28,009 [INFO] ThirdParty:1030 - CMSIS Pack Vendor :SEGGER I-CUBE-embOS 1.3.1
2024-12-03 17:43:28,009 [INFO] ThirdParty:1030 - CMSIS Pack Vendor :STMicroelectronics X-CUBE-ALGOBUILD 1.4.0
2024-12-03 17:43:28,009 [INFO] ThirdParty:1030 - CMSIS Pack Vendor :STMicroelectronics FP-SNS-MOTENV1 5.0.0
2024-12-03 17:43:28,010 [INFO] ThirdParty:1030 - CMSIS Pack Vendor :STMicroelectronics X-CUBE-AZRTOS-H7RS 1.0.0
2024-12-03 17:43:28,010 [INFO] ThirdParty:1030 - CMSIS Pack Vendor :wolfSSL I-CUBE-wolfMQTT 1.19.0
2024-12-03 17:43:28,010 [INFO] ThirdParty:1030 - CMSIS Pack Vendor :STMicroelectronics X-CUBE-AZRTOS-L4 2.0.0
2024-12-03 17:43:28,010 [INFO] ThirdParty:1030 - CMSIS Pack Vendor :WES I-CUBE-Cesium 1.3.0
2024-12-03 17:43:28,010 [INFO] ThirdParty:1030 - CMSIS Pack Vendor :STMicroelectronics X-CUBE-SFXS2LP1 4.0.0
2024-12-03 17:43:28,010 [INFO] ThirdParty:1030 - CMSIS Pack Vendor :STMicroelectronics X-CUBE-BLE2 3.3.0
2024-12-03 17:43:28,010 [INFO] ThirdParty:1030 - CMSIS Pack Vendor :STMicroelectronics X-CUBE-TOF1 3.4.2
2024-12-03 17:43:28,010 [INFO] ThirdParty:1030 - CMSIS Pack Vendor :STMicroelectronics X-CUBE-AI 9.1.0
2024-12-03 17:43:28,010 [INFO] ThirdParty:1030 - CMSIS Pack Vendor :wolfSSL I-CUBE-wolfSSH 1.4.17
2024-12-03 17:43:28,011 [INFO] LoadServerUpdatesThread:375 - End of LoadServerUpdate Thread
2024-12-03 17:43:28,838 [WARN] PackLoader:240 - Cannot read IP mode file for STMicroelectronics.FP-SNS-MOTENVWB1.1.4.0
2024-12-03 17:43:28,843 [WARN] PackLoader:240 - Cannot read IP mode file for STMicroelectronics.FP-ATR-ASTRA1.2.0.1
2024-12-03 17:43:28,847 [WARN] PackLoader:240 - Cannot read IP mode file for STMicroelectronics.X-CUBE-SMBUS.2.1.0
2024-12-03 17:43:28,851 [WARN] PackLoader:240 - Cannot read IP mode file for STMicroelectronics.X-CUBE-WB05N.1.1.0
2024-12-03 17:43:28,861 [WARN] PackLoader:240 - Cannot read IP mode file for STMicroelectronics.X-CUBE-AZRTOS-F7.1.1.0
2024-12-03 17:43:28,887 [WARN] PackLoader:240 - Cannot read IP mode file for STMicroelectronics.X-CUBE-MEMS1.11.0.0
2024-12-03 17:43:28,970 [WARN] PackLoader:240 - Cannot read IP mode file for STMicroelectronics.FP-SNS-FLIGHT1.5.0.2
2024-12-03 17:43:28,979 [WARN] PackLoader:240 - Cannot read IP mode file for Infineon.AIROC-Wi-Fi-Bluetooth-STM32.1.7.0
2024-12-03 17:43:28,985 [WARN] PackLoader:240 - Cannot read IP mode file for STMicroelectronics.X-CUBE-DISPLAY.3.0.0
2024-12-03 17:43:28,989 [WARN] PackLoader:240 - Cannot read IP mode file for STMicroelectronics.X-CUBE-BLE1.7.0.0
2024-12-03 17:43:28,992 [WARN] PackLoader:240 - Cannot read IP mode file for STMicroelectronics.X-CUBE-NFC10.1.0.0
2024-12-03 17:43:28,994 [WARN] PackLoader:240 - Cannot read IP mode file for emotas.I-CUBE-CANOPEN.1.3.0
2024-12-03 17:43:28,999 [WARN] PackLoader:240 - Cannot read IP mode file for STMicroelectronics.X-CUBE-BLEMGR.3.1.0
2024-12-03 17:43:29,004 [WARN] PackLoader:240 - Cannot read IP mode file for STMicroelectronics.FP-SNS-SMARTAG2.1.2.0
2024-12-03 17:43:29,008 [INFO] LogOutputStream:77 - [STDOUT_REDIRECT] 1 : Invalid condition id : UX_CORESTACK_Condition cause : null
2024-12-03 17:43:29,009 [INFO] LogOutputStream:77 - [STDOUT_REDIRECT] 1 : Invalid condition id : UX_CORESTACK_Condition cause : null
2024-12-03 17:43:29,010 [INFO] LogOutputStream:77 - [STDOUT_REDIRECT] 1 : Invalid condition id : UX_CORESTACK_Condition cause : null
2024-12-03 17:43:29,011 [INFO] LogOutputStream:77 - [STDOUT_REDIRECT] 1 : Invalid condition id : UX_CORESTACK_Condition cause : null
2024-12-03 17:43:29,012 [INFO] LogOutputStream:77 - [STDOUT_REDIRECT] 1 : Invalid condition id : UX_CORESTACK_Condition cause : null
2024-12-03 17:43:29,014 [WARN] PackLoader:240 - Cannot read IP mode file for STMicroelectronics.X-CUBE-AZRTOS-WL.2.0.0
2024-12-03 17:43:29,017 [WARN] PackLoader:240 - Cannot read IP mode file for STMicroelectronics.FP-SNS-MOTENV1.5.0.0
2024-12-03 17:43:29,019 [WARN] PackLoader:240 - Cannot read IP mode file for wolfSSL.I-CUBE-wolfMQTT.1.19.0
2024-12-03 17:43:29,022 [WARN] PackLoader:240 - Cannot read IP mode file for WES.I-CUBE-Cesium.1.3.0
2024-12-03 17:43:29,025 [WARN] PackLoader:240 - Cannot read IP mode file for STMicroelectronics.X-CUBE-BLE2.3.3.0
2024-12-03 17:43:29,029 [WARN] PackLoader:240 - Cannot read IP mode file for STMicroelectronics.X-CUBE-NFC9.1.0.0
2024-12-03 17:43:29,033 [WARN] PackLoader:240 - Cannot read IP mode file for STMicroelectronics.X-CUBE-TCPP.4.1.0
2024-12-03 17:43:29,041 [WARN] PackLoader:240 - Cannot read IP mode file for STMicroelectronics.X-CUBE-AZRTOS-G0.1.1.0
2024-12-03 17:43:29,046 [WARN] PackLoader:240 - Cannot read IP mode file for STMicroelectronics.X-CUBE-SAFEA1.1.2.2
2024-12-03 17:43:29,049 [WARN] PackLoader:240 - Cannot read IP mode file for STMicroelectronics.X-CUBE-NFC4.3.0.0
2024-12-03 17:43:29,055 [WARN] PackLoader:240 - Cannot read IP mode file for EmbeddedOffice.I-CUBE-FS-RTOS.1.0.1
2024-12-03 17:43:29,058 [WARN] PackLoader:240 - Cannot read IP mode file for RealThread.X-CUBE-RT-Thread_Nano.4.1.1
2024-12-03 17:43:29,060 [WARN] PackLoader:240 - Cannot read IP mode file for STMicroelectronics.FP-ATR-SIGFOX1.3.2.0
2024-12-03 17:43:29,062 [WARN] ConditionMgr:438 - getConditionDescription Invalid condition id : Cortex-A Device cause : null
2024-12-03 17:43:29,068 [WARN] ConditionMgr:1044 - genDependencies : Invalid condition id : Cortex-A Device cause : null
2024-12-03 17:43:29,068 [WARN] ConditionMgr:1044 - genDependencies : Invalid condition id : Cortex-A Device cause : null
2024-12-03 17:43:29,068 [WARN] ConditionMgr:1044 - genDependencies : Invalid condition id : Cortex-A Device cause : null
2024-12-03 17:43:29,070 [WARN] PackLoader:240 - Cannot read IP mode file for STMicroelectronics.X-CUBE-EEPRMA1.5.1.0
2024-12-03 17:43:29,073 [WARN] PackLoader:240 - Cannot read IP mode file for wolfSSL.I-CUBE-wolfSSL.5.7.4
2024-12-03 17:43:29,075 [WARN] PackLoader:240 - Cannot read IP mode file for ITTIA_DB.I-CUBE-ITTIADB.8.9.0
2024-12-03 17:43:29,087 [WARN] PackLoader:240 - Cannot read IP mode file for SEGGER.I-CUBE-embOS.1.3.1
2024-12-03 17:43:29,101 [WARN] PackLoader:240 - Cannot read IP mode file for STMicroelectronics.X-CUBE-ALGOBUILD.1.4.0
2024-12-03 17:43:29,104 [WARN] PackLoader:240 - Cannot read IP mode file for STMicroelectronics.X-CUBE-AI.9.1.0
2024-12-03 17:43:29,115 [WARN] PackLoader:240 - Cannot read IP mode file for STMicroelectronics.X-CUBE-AZRTOS-F4.1.1.0
2024-12-03 17:43:29,118 [WARN] PackLoader:240 - Cannot read IP mode file for STMicroelectronics.X-CUBE-ISPU.2.1.0
2024-12-03 17:43:29,120 [WARN] PackLoader:240 - Cannot read IP mode file for STMicroelectronics.X-CUBE-FREERTOS.1.2.0
2024-12-03 17:43:29,128 [WARN] PackLoader:240 - Cannot read IP mode file for STMicroelectronics.X-CUBE-AZRTOS-L5.2.0.0
2024-12-03 17:43:29,132 [WARN] PackLoader:240 - Cannot read IP mode file for STMicroelectronics.X-CUBE-NFC6.3.1.0
2024-12-03 17:43:29,136 [WARN] PackLoader:240 - Cannot read IP mode file for STMicroelectronics.X-CUBE-DPower.1.2.0
2024-12-03 17:43:29,138 [WARN] PackLoader:240 - Cannot read IP mode file for STMicroelectronics.X-CUBE-NFC7.1.0.1
2024-12-03 17:43:29,146 [WARN] ConditionMgr:438 - getConditionDescription Invalid condition id : LAN8742 Phy interface Condition cause : null
2024-12-03 17:43:29,146 [WARN] PackLoader:240 - Cannot read IP mode file for STMicroelectronics.X-CUBE-AZRTOS-L4.2.0.0
2024-12-03 17:43:29,147 [WARN] ConditionMgr:1044 - genDependencies : Invalid condition id : LAN8742 Phy interface Condition cause : null
2024-12-03 17:43:29,147 [WARN] ConditionMgr:1044 - genDependencies : Invalid condition id : LAN8742 Phy interface Condition cause : null
2024-12-03 17:43:29,147 [WARN] ConditionMgr:1044 - genDependencies : Invalid condition id : LAN8742 Phy interface Condition cause : null
2024-12-03 17:43:29,151 [WARN] PackLoader:240 - Cannot read IP mode file for STMicroelectronics.X-CUBE-SFXS2LP1.4.0.0
2024-12-03 17:43:29,161 [WARN] PackLoader:240 - Cannot read IP mode file for STMicroelectronics.X-CUBE-AZRTOS-H7.3.3.0
2024-12-03 17:43:29,177 [WARN] PackLoader:240 - Cannot read IP mode file for STMicroelectronics.X-CUBE-IPS.3.0.0
2024-12-03 17:43:29,186 [ERROR] LogOutputStream:75 - [STDERR_REDIRECT] 
2024-12-03 17:43:29,187 [ERROR] LogOutputStream:75 - [STDERR_REDIRECT] 
2024-12-03 17:51:44,556 [INFO] Activator:176 - 


2024-12-03 17:51:44,558 [INFO] Activator:177 - !SESSION log4j initialized
2024-12-03 17:51:47,076 [INFO] LogOutputStream:77 - [STDOUT_REDIRECT] 
2024-12-03 17:51:59,640 [INFO] ApplicationProperties:184 - Using Application install path: C:\ST\STM32CubeIDE_1.17.0\STM32CubeIDE\plugins\com.st.stm32cube.common.mx_6.13.0.202411220809
2024-12-03 17:51:59,653 [INFO] DbMcusXml:78 - Set database path to: C:\ST\STM32CubeIDE_1.17.0\STM32CubeIDE\plugins\com.st.stm32cube.common.mx_6.13.0.202411220809\\db\/mcu/
2024-12-03 17:51:59,653 [INFO] ApiDb:274 - Set plugin database path to: C:\ST\STM32CubeIDE_1.17.0\STM32CubeIDE\plugins\com.st.stm32cube.common.mx_6.13.0.202411220809\\db\/plugins/boardmanager/
2024-12-03 17:51:59,653 [WARN] ApiDb:259 - Overriding images path with different value:  => C:\ST\STM32CubeIDE_1.17.0\STM32CubeIDE\plugins\com.st.stm32cube.common.mx_6.13.0.202411220809\\db\/plugins/mcufinder/images/
2024-12-03 17:51:59,658 [INFO] ApiDb:250 - Set database path to: C:\Users\Viktor Cejnek\.stmcufinder\plugins\mcufinder//mcu/
2024-12-03 17:51:59,659 [INFO] DbMcusAds:125 - Set database path to: C:\Users\Viktor Cejnek\.stmcufinder\plugins\mcufinder//mcu/
2024-12-03 17:51:59,666 [INFO] CrossReferenceDbSqlite:203 - Set database path to: C:\Users\Viktor Cejnek\.stmcufinder\plugins\mcufinder//mcu/cs/
2024-12-03 17:51:59,763 [INFO] RulesReader:64 - Compatibility file has been processed (297 Rules)
2024-12-03 17:51:59,824 [INFO] DbMcusXml:78 - Set database path to: C:\ST\STM32CubeIDE_1.17.0\STM32CubeIDE\plugins\com.st.stm32cube.common.mx_6.13.0.202411220809\\db\/mcu/
2024-12-03 17:51:59,824 [INFO] ApiDb:274 - Set plugin database path to: C:\ST\STM32CubeIDE_1.17.0\STM32CubeIDE\plugins\com.st.stm32cube.common.mx_6.13.0.202411220809\\db\/plugins/boardmanager/
2024-12-03 17:51:59,824 [INFO] ApiDb:261 - Set plugin images path to: C:\ST\STM32CubeIDE_1.17.0\STM32CubeIDE\plugins\com.st.stm32cube.common.mx_6.13.0.202411220809\\db\/plugins/mcufinder/images/
2024-12-03 17:51:59,824 [WARN] DbFile:41 - Overriding database path with different value: C:\Users\Viktor Cejnek\.stmcufinder\plugins\mcufinder/ => C:\Users\Viktor Cejnek\.stmcufinder\plugins\mcufinder
2024-12-03 17:51:59,824 [INFO] ApiDb:250 - Set database path to: C:\Users\Viktor Cejnek\.stmcufinder\plugins\mcufinder//mcu/
2024-12-03 17:51:59,824 [WARN] DbFile:41 - Overriding database path with different value: C:\Users\Viktor Cejnek\.stmcufinder\plugins\mcufinder/ => C:\Users\Viktor Cejnek\.stmcufinder\plugins\mcufinder
2024-12-03 17:51:59,825 [INFO] DbMcusAds:125 - Set database path to: C:\Users\Viktor Cejnek\.stmcufinder\plugins\mcufinder//mcu/
2024-12-03 17:51:59,825 [WARN] DbFile:41 - Overriding database path with different value: C:\Users\Viktor Cejnek\.stmcufinder\plugins\mcufinder/ => C:\Users\Viktor Cejnek\.stmcufinder\plugins\mcufinder
2024-12-03 17:51:59,825 [WARN] DbFile:41 - Overriding database path with different value: C:\Users\Viktor Cejnek\.stmcufinder\plugins\mcufinder/ => C:\Users\Viktor Cejnek\.stmcufinder\plugins\mcufinder
2024-12-03 17:51:59,825 [INFO] CrossReferenceDbSqlite:203 - Set database path to: C:\Users\Viktor Cejnek\.stmcufinder\plugins\mcufinder//mcu/cs/
2024-12-03 17:51:59,877 [INFO] MainPanel:272 - HeapMemory: 268435456
2024-12-03 17:51:59,938 [INFO] DbMcusXml:78 - Set database path to: C:\ST\STM32CubeIDE_1.17.0\STM32CubeIDE\plugins\com.st.stm32cube.common.mx_6.13.0.202411220809\\db\/mcu/
2024-12-03 17:51:59,938 [INFO] ApiDb:274 - Set plugin database path to: C:\ST\STM32CubeIDE_1.17.0\STM32CubeIDE\plugins\com.st.stm32cube.common.mx_6.13.0.202411220809\\db\/plugins/boardmanager/
2024-12-03 17:51:59,938 [INFO] ApiDb:261 - Set plugin images path to: C:\ST\STM32CubeIDE_1.17.0\STM32CubeIDE\plugins\com.st.stm32cube.common.mx_6.13.0.202411220809\\db\/plugins/mcufinder/images/
2024-12-03 17:51:59,938 [WARN] DbFile:41 - Overriding database path with different value: C:\Users\Viktor Cejnek\.stmcufinder\plugins\mcufinder/ => C:\Users\Viktor Cejnek\.stmcufinder\plugins\mcufinder
2024-12-03 17:51:59,938 [INFO] ApiDb:250 - Set database path to: C:\Users\Viktor Cejnek\.stmcufinder\plugins\mcufinder//mcu/
2024-12-03 17:51:59,938 [WARN] DbFile:41 - Overriding database path with different value: C:\Users\Viktor Cejnek\.stmcufinder\plugins\mcufinder/ => C:\Users\Viktor Cejnek\.stmcufinder\plugins\mcufinder
2024-12-03 17:51:59,938 [INFO] DbMcusAds:125 - Set database path to: C:\Users\Viktor Cejnek\.stmcufinder\plugins\mcufinder//mcu/
2024-12-03 17:51:59,938 [WARN] DbFile:41 - Overriding database path with different value: C:\Users\Viktor Cejnek\.stmcufinder\plugins\mcufinder/ => C:\Users\Viktor Cejnek\.stmcufinder\plugins\mcufinder
2024-12-03 17:51:59,939 [WARN] DbFile:41 - Overriding database path with different value: C:\Users\Viktor Cejnek\.stmcufinder\plugins\mcufinder/ => C:\Users\Viktor Cejnek\.stmcufinder\plugins\mcufinder
2024-12-03 17:51:59,939 [INFO] CrossReferenceDbSqlite:203 - Set database path to: C:\Users\Viktor Cejnek\.stmcufinder\plugins\mcufinder//mcu/cs/
2024-12-03 17:51:59,952 [INFO] ApplicationProperties:184 - Using Application install path: C:\ST\STM32CubeIDE_1.17.0\STM32CubeIDE\plugins\com.st.stm32cube.common.mx_6.13.0.202411220809
2024-12-03 17:51:59,953 [INFO] PluginManage:196 - Search for loadable plugins [exclusion list=, ]
2024-12-03 17:51:59,954 [INFO] PluginManage:310 - Check plugin analytics
2024-12-03 17:52:00,083 [INFO] AnalyticsPlugin:253 - Accepted Software Licenses: STM32CubeMX.6.13.0
2024-12-03 17:52:00,083 [INFO] AnalyticsPlugin:255 - Accepted CMSIS Pack Licenses: 
2024-12-03 17:52:00,083 [INFO] AnalyticsPlugin:257 - Accepted Firmware Licenses: FW.WB.1.21.0
2024-12-03 17:52:00,086 [INFO] PluginManage:359 - Loaded plugin analytics (category:tool,tabindex:-1)
2024-12-03 17:52:00,087 [INFO] PluginManage:310 - Check plugin cadmodel
2024-12-03 17:52:00,090 [INFO] CADModel:105 - Init CAD model plugin
2024-12-03 17:52:00,091 [INFO] PluginManage:359 - Loaded plugin cadmodel (category:power,tabindex:5)
2024-12-03 17:52:00,091 [INFO] PluginManage:310 - Check plugin clock
2024-12-03 17:52:00,097 [INFO] PluginManage:359 - Loaded plugin clock (category:base,tabindex:2)
2024-12-03 17:52:00,097 [INFO] PluginManage:310 - Check plugin ddr
2024-12-03 17:52:00,098 [INFO] PluginManage:359 - Loaded plugin ddr (category:tool,tabindex:6)
2024-12-03 17:52:00,099 [INFO] PluginManage:310 - Check plugin filemanager
2024-12-03 17:52:00,217 [INFO] PluginManage:359 - Loaded plugin filemanager (category:base,tabindex:10)
2024-12-03 17:52:00,217 [INFO] PluginManage:310 - Check plugin ipmanager
2024-12-03 17:52:00,222 [INFO] PluginManage:359 - Loaded plugin ipmanager (category:base,tabindex:5)
2024-12-03 17:52:00,222 [INFO] PluginManage:310 - Check plugin lpbam
2024-12-03 17:52:00,228 [INFO] PluginManage:359 - Loaded plugin lpbam (category:base,tabindex:0)
2024-12-03 17:52:00,229 [INFO] PluginManage:310 - Check plugin memorymap
2024-12-03 17:52:00,245 [INFO] PluginManage:359 - Loaded plugin memorymap (category:base,tabindex:4)
2024-12-03 17:52:00,245 [INFO] PluginManage:310 - Check plugin pinoutandconfiguration
2024-12-03 17:52:00,253 [INFO] PluginManage:359 - Loaded plugin pinoutandconfiguration (category:base,tabindex:1)
2024-12-03 17:52:00,253 [INFO] PluginManage:310 - Check plugin pinoutconfig
2024-12-03 17:52:00,340 [WARN] SupportedApi:132 - Cannot load RTOS API schema: s4s-elt-must-match.1: The content of 'definitions' must match (annotation?, (simpleType | complexType)?, (unique | key | keyref)*)). A problem was found starting at: attribute.
2024-12-03 17:52:00,425 [INFO] PluginManage:359 - Loaded plugin pinoutconfig (category:base,tabindex:0)
2024-12-03 17:52:00,425 [INFO] PluginManage:310 - Check plugin power
2024-12-03 17:52:00,431 [INFO] PluginManage:359 - Loaded plugin power (category:power,tabindex:4)
2024-12-03 17:52:00,431 [INFO] PluginManage:310 - Check plugin projectmanager
2024-12-03 17:52:00,442 [INFO] PluginManage:359 - Loaded plugin projectmanager (category:projectmanager,tabindex:4)
2024-12-03 17:52:00,442 [INFO] PluginManage:310 - Check plugin rif
2024-12-03 17:52:00,446 [INFO] PluginManage:359 - Loaded plugin rif (category:base,tabindex:3)
2024-12-03 17:52:00,447 [INFO] PluginManage:310 - Check plugin thirdparty
2024-12-03 17:52:00,534 [INFO] PluginManage:359 - Loaded plugin thirdparty (category:base,tabindex:-1)
2024-12-03 17:52:00,534 [INFO] PluginManage:310 - Check plugin tools
2024-12-03 17:52:00,534 [WARN] IntegrityCheckThread:84 - waiting for thirdparty lock release [integrity check]
2024-12-03 17:52:00,534 [INFO] IntegrityCheckThread:86 - entering critical section [integrity check]
2024-12-03 17:52:00,534 [INFO] ThirdPartyUpdaterWithRetryManager:70 - Updater plugin not ready yet. [1/15]
2024-12-03 17:52:00,537 [INFO] PluginManage:359 - Loaded plugin tools (category:base,tabindex:7)
2024-12-03 17:52:00,537 [INFO] PluginManage:310 - Check plugin tutovideos
2024-12-03 17:52:00,643 [INFO] PluginManage:359 - Loaded plugin tutovideos (category:base,tabindex:-1)
2024-12-03 17:52:00,643 [INFO] PluginManage:310 - Check plugin updater
2024-12-03 17:52:00,659 [INFO] PluginManage:359 - Loaded plugin updater (category:base,tabindex:12)
2024-12-03 17:52:00,659 [INFO] PluginManage:310 - Check plugin userauth
2024-12-03 17:52:00,661 [INFO] UserAuth:118 - Init User Auth plugin
2024-12-03 17:52:00,662 [INFO] PluginManage:359 - Loaded plugin userauth (category:base,tabindex:14)
2024-12-03 17:52:00,662 [INFO] PluginManage:283 - PluginManage : Loaded plugins [18]
2024-12-03 17:52:00,797 [INFO] PinOutPanel:1589 - setPackage(No Configuration,No Configuration)
2024-12-03 17:52:00,857 [INFO] CADModel:165 - CPN selected for project level
2024-12-03 17:52:00,858 [INFO] CADModel:114 - Register for checkConnection events
2024-12-03 17:52:00,867 [INFO] IPUIPlugin:80 - create IPUIPlugin
2024-12-03 17:52:00,867 [INFO] PluginManager:220 - loadIPPluginJar : add adc
2024-12-03 17:52:00,869 [INFO] IPUIPlugin:80 - create IPUIPlugin
2024-12-03 17:52:00,869 [INFO] PluginManager:220 - loadIPPluginJar : add aes
2024-12-03 17:52:00,871 [INFO] IPUIPlugin:80 - create IPUIPlugin
2024-12-03 17:52:00,871 [INFO] PluginManager:220 - loadIPPluginJar : add can
2024-12-03 17:52:00,872 [INFO] IPUIPlugin:80 - create IPUIPlugin
2024-12-03 17:52:00,872 [INFO] PluginManager:220 - loadIPPluginJar : add comp
2024-12-03 17:52:00,874 [INFO] IPUIPlugin:80 - create IPUIPlugin
2024-12-03 17:52:00,874 [INFO] PluginManager:220 - loadIPPluginJar : add cryp
2024-12-03 17:52:00,876 [INFO] IPUIPlugin:80 - create IPUIPlugin
2024-12-03 17:52:00,876 [INFO] PluginManager:220 - loadIPPluginJar : add ddr_ctrl_phy
2024-12-03 17:52:00,878 [INFO] IPUIPlugin:80 - create IPUIPlugin
2024-12-03 17:52:00,878 [INFO] PluginManager:220 - loadIPPluginJar : add dfsdm
2024-12-03 17:52:00,882 [INFO] IPUIPlugin:80 - create IPUIPlugin
2024-12-03 17:52:00,882 [INFO] PluginManager:220 - loadIPPluginJar : add dma
2024-12-03 17:52:00,883 [INFO] IPUIPlugin:80 - create IPUIPlugin
2024-12-03 17:52:00,883 [INFO] PluginManager:220 - loadIPPluginJar : add dma3
2024-12-03 17:52:00,885 [INFO] IPUIPlugin:80 - create IPUIPlugin
2024-12-03 17:52:00,885 [INFO] PluginManager:220 - loadIPPluginJar : add extmemmanager
2024-12-03 17:52:00,886 [INFO] IPUIPlugin:80 - create IPUIPlugin
2024-12-03 17:52:00,886 [INFO] PluginManager:220 - loadIPPluginJar : add fatfs
2024-12-03 17:52:00,889 [INFO] IPUIPlugin:80 - create IPUIPlugin
2024-12-03 17:52:00,889 [INFO] PluginManager:220 - loadIPPluginJar : add fmc
2024-12-03 17:52:00,893 [INFO] IPUIPlugin:80 - create IPUIPlugin
2024-12-03 17:52:00,893 [INFO] PluginManager:220 - loadIPPluginJar : add freertos
2024-12-03 17:52:00,894 [INFO] IPUIPlugin:80 - create IPUIPlugin
2024-12-03 17:52:00,894 [INFO] PluginManager:220 - loadIPPluginJar : add genericplugin
2024-12-03 17:52:00,895 [INFO] IPUIPlugin:80 - create IPUIPlugin
2024-12-03 17:52:00,895 [INFO] PluginManager:220 - loadIPPluginJar : add gfxmmu
2024-12-03 17:52:00,898 [INFO] IPUIPlugin:80 - create IPUIPlugin
2024-12-03 17:52:00,898 [INFO] PluginManager:220 - loadIPPluginJar : add gic
2024-12-03 17:52:00,901 [INFO] IPUIPlugin:80 - create IPUIPlugin
2024-12-03 17:52:00,901 [INFO] PluginManager:220 - loadIPPluginJar : add gpio
2024-12-03 17:52:00,903 [INFO] IPUIPlugin:80 - create IPUIPlugin
2024-12-03 17:52:00,903 [INFO] PluginManager:220 - loadIPPluginJar : add gtzc
2024-12-03 17:52:00,904 [INFO] IPUIPlugin:80 - create IPUIPlugin
2024-12-03 17:52:00,904 [INFO] PluginManager:220 - loadIPPluginJar : add hash
2024-12-03 17:52:00,907 [INFO] IPUIPlugin:80 - create IPUIPlugin
2024-12-03 17:52:00,907 [INFO] PluginManager:220 - loadIPPluginJar : add i2c
2024-12-03 17:52:00,908 [INFO] IPUIPlugin:80 - create IPUIPlugin
2024-12-03 17:52:00,908 [INFO] PluginManager:220 - loadIPPluginJar : add i2s
2024-12-03 17:52:00,910 [INFO] IPUIPlugin:80 - create IPUIPlugin
2024-12-03 17:52:00,910 [INFO] PluginManager:220 - loadIPPluginJar : add i3c
2024-12-03 17:52:00,912 [INFO] IPUIPlugin:80 - create IPUIPlugin
2024-12-03 17:52:00,912 [INFO] PluginManager:220 - loadIPPluginJar : add ipddr
2024-12-03 17:52:00,917 [INFO] IPUIPlugin:80 - create IPUIPlugin
2024-12-03 17:52:00,917 [INFO] PluginManager:220 - loadIPPluginJar : add linkedlist
2024-12-03 17:52:00,919 [INFO] IPUIPlugin:80 - create IPUIPlugin
2024-12-03 17:52:00,919 [INFO] PluginManager:220 - loadIPPluginJar : add lorawan
2024-12-03 17:52:00,920 [INFO] IPUIPlugin:80 - create IPUIPlugin
2024-12-03 17:52:00,920 [INFO] PluginManager:220 - loadIPPluginJar : add ltdc
2024-12-03 17:52:00,923 [INFO] IPUIPlugin:80 - create IPUIPlugin
2024-12-03 17:52:00,923 [INFO] PluginManager:220 - loadIPPluginJar : add mdma
2024-12-03 17:52:00,925 [INFO] IPUIPlugin:80 - create IPUIPlugin
2024-12-03 17:52:00,925 [INFO] PluginManager:220 - loadIPPluginJar : add nvic
2024-12-03 17:52:00,927 [INFO] IPUIPlugin:80 - create IPUIPlugin
2024-12-03 17:52:00,927 [INFO] PluginManager:220 - loadIPPluginJar : add opamp
2024-12-03 17:52:00,929 [INFO] IPUIPlugin:80 - create IPUIPlugin
2024-12-03 17:52:00,929 [INFO] PluginManager:220 - loadIPPluginJar : add openamp
2024-12-03 17:52:00,931 [INFO] IPUIPlugin:80 - create IPUIPlugin
2024-12-03 17:52:00,931 [INFO] PluginManager:220 - loadIPPluginJar : add pdm2pcm
2024-12-03 17:52:00,935 [INFO] IPUIPlugin:80 - create IPUIPlugin
2024-12-03 17:52:00,937 [INFO] PluginManager:220 - loadIPPluginJar : add plateformsettings
2024-12-03 17:52:00,938 [INFO] IPUIPlugin:80 - create IPUIPlugin
2024-12-03 17:52:00,938 [INFO] PluginManager:220 - loadIPPluginJar : add quadspi
2024-12-03 17:52:00,938 [INFO] IPUIPlugin:80 - create IPUIPlugin
2024-12-03 17:52:00,938 [INFO] PluginManager:220 - loadIPPluginJar : add radio
2024-12-03 17:52:00,940 [INFO] IPUIPlugin:80 - create IPUIPlugin
2024-12-03 17:52:00,940 [INFO] PluginManager:220 - loadIPPluginJar : add resmgrutility
2024-12-03 17:52:00,942 [INFO] IPUIPlugin:80 - create IPUIPlugin
2024-12-03 17:52:00,942 [INFO] PluginManager:220 - loadIPPluginJar : add sai
2024-12-03 17:52:00,943 [INFO] IPUIPlugin:80 - create IPUIPlugin
2024-12-03 17:52:00,943 [INFO] PluginManager:220 - loadIPPluginJar : add spi
2024-12-03 17:52:00,948 [INFO] IPUIPlugin:80 - create IPUIPlugin
2024-12-03 17:52:00,948 [INFO] PluginManager:220 - loadIPPluginJar : add stm32_wpan
2024-12-03 17:52:00,949 [INFO] IPUIPlugin:80 - create IPUIPlugin
2024-12-03 17:52:00,949 [INFO] PluginManager:220 - loadIPPluginJar : add tim
2024-12-03 17:52:00,951 [INFO] IPUIPlugin:80 - create IPUIPlugin
2024-12-03 17:52:00,951 [INFO] PluginManager:220 - loadIPPluginJar : add touchsensing
2024-12-03 17:52:00,952 [INFO] IPUIPlugin:80 - create IPUIPlugin
2024-12-03 17:52:00,952 [INFO] PluginManager:220 - loadIPPluginJar : add tracer_emb
2024-12-03 17:52:00,953 [INFO] IPUIPlugin:80 - create IPUIPlugin
2024-12-03 17:52:00,953 [INFO] PluginManager:220 - loadIPPluginJar : add ts
2024-12-03 17:52:00,954 [INFO] IPUIPlugin:80 - create IPUIPlugin
2024-12-03 17:52:00,954 [INFO] PluginManager:220 - loadIPPluginJar : add tsc
2024-12-03 17:52:00,955 [INFO] IPUIPlugin:80 - create IPUIPlugin
2024-12-03 17:52:00,955 [INFO] PluginManager:220 - loadIPPluginJar : add ucpd
2024-12-03 17:52:00,957 [INFO] IPUIPlugin:80 - create IPUIPlugin
2024-12-03 17:52:00,957 [INFO] PluginManager:220 - loadIPPluginJar : add usart
2024-12-03 17:52:00,959 [INFO] IPUIPlugin:80 - create IPUIPlugin
2024-12-03 17:52:00,959 [INFO] PluginManager:220 - loadIPPluginJar : add usbx
2024-12-03 17:52:01,071 [FATAL] Updater:351 - Updater called before beeing initialized
2024-12-03 17:52:01,088 [INFO] RulesReader:64 - Compatibility file has been processed (297 Rules)
2024-12-03 17:52:01,097 [INFO] RulesReader:64 - Compatibility file has been processed (297 Rules)
2024-12-03 17:52:01,102 [INFO] CADModel:165 - CPN selected for project level
2024-12-03 17:52:01,102 [INFO] CADModel:114 - Register for checkConnection events
2024-12-03 17:52:01,103 [FATAL] Updater:351 - Updater called before beeing initialized
2024-12-03 17:52:01,103 [ERROR] CADModel:125 - Updater not yet initialized, retry later 
2024-12-03 17:52:01,202 [FATAL] Updater:351 - Updater called before beeing initialized
2024-12-03 17:52:01,203 [INFO] CADModel:165 - CPN selected for project level
2024-12-03 17:52:01,203 [INFO] CADModel:114 - Register for checkConnection events
2024-12-03 17:52:01,203 [FATAL] Updater:351 - Updater called before beeing initialized
2024-12-03 17:52:01,203 [ERROR] CADModel:125 - Updater not yet initialized, retry later 
2024-12-03 17:52:01,206 [FATAL] Updater:351 - Updater called before beeing initialized
2024-12-03 17:52:01,276 [FATAL] Updater:351 - Updater called before beeing initialized
2024-12-03 17:52:01,280 [INFO] DbMcusAds:53 - JSON generation date=Fri Sep 20 15:04:23 CEST 2024 (1726837463113)
2024-12-03 17:52:01,280 [FATAL] Updater:351 - Updater called before beeing initialized
2024-12-03 17:52:01,305 [WARN] DetailPanel:346 - Failed to get advertising image, set to default
2024-12-03 17:52:01,507 [FATAL] Updater:351 - Updater called before beeing initialized
2024-12-03 17:52:01,508 [FATAL] Updater:351 - Updater called before beeing initialized
2024-12-03 17:52:01,508 [FATAL] Updater:351 - Updater called before beeing initialized
2024-12-03 17:52:01,508 [WARN] DetailPanel:346 - Failed to get advertising image, set to default
2024-12-03 17:52:01,509 [FATAL] Updater:351 - Updater called before beeing initialized
2024-12-03 17:52:01,541 [ERROR] Updater:1198 - MainUpdater not yet initialized. External WinMGr cannot be set.
2024-12-03 17:52:01,542 [INFO] Updater:1134 - Updater Version found : 6.13.0
2024-12-03 17:52:01,554 [INFO] ApplicationProperties:184 - Using Application install path: C:\ST\STM32CubeIDE_1.17.0\STM32CubeIDE\plugins\com.st.stm32cube.common.mx_6.13.0.202411220809
2024-12-03 17:52:03,118 [ERROR] LogOutputStream:75 - [STDERR_REDIRECT] Dec 03, 2024 5:52:03 PM java.util.prefs.WindowsPreferences <init>
2024-12-03 17:52:03,119 [ERROR] LogOutputStream:75 - [STDERR_REDIRECT] WARNING: Could not open/create prefs root node Software\JavaSoft\Prefs at root 0xffffffff80000002. Windows RegCreateKeyEx(...) returned error code 5.
2024-12-03 17:52:03,120 [ERROR] LogOutputStream:75 - [STDERR_REDIRECT] 
2024-12-03 17:52:03,357 [INFO] MainUpdater:2872 - connection check result : 10
2024-12-03 17:52:03,358 [INFO] MainUpdater:289 - Updater Check For Update Now.
2024-12-03 17:52:03,358 [INFO] MicroXplorer:498 - Change Database Version : DB.6.0.130
2024-12-03 17:52:03,362 [INFO] McuFinderGlobals:63 - Set McuFinder mode to 2 (CubeIDE integrated)
2024-12-03 17:52:03,363 [INFO] UserAuth:486 - Internet connection configuration mode: 1
2024-12-03 17:52:03,391 [INFO] JxBrowserEngine:152 - Initiate JxBrowser Engine with user profile folder
2024-12-03 17:52:03,536 [WARN] MainUpdater:1193 - Updater busy. Cannot search thirdparties
2024-12-03 17:52:03,536 [INFO] ThirdPartyUpdaterWithRetryManager:96 - Updater plugin is busy. [1/15]
2024-12-03 17:52:03,551 [INFO] CheckServerUpdateThread:120 - End of CheckServer Thread
2024-12-03 17:52:04,079 [INFO] WebApp:168 - Instantiating new browser for Auth
